WARN  21-04-13 11:06:20[main] [DuplicateJsonObjectContextCustomizerFactory$DuplicateJsonObjectContextCustomizer:78] - 

Found multiple occurrences of org.json.JSONObject on the class path:

	jar:file:/C:/Users/siegfridk2/.m2/repository/com/vaadin/external/google/android-json/0.0.20131108.vaadin1/android-json-0.0.20131108.vaadin1.jar!/org/json/JSONObject.class
	jar:file:/C:/Users/siegfridk2/.m2/repository/org/json/json/20200518/json-20200518.jar!/org/json/JSONObject.class

You may wish to exclude one of them to ensure predictable runtime behavior

INFO  21-04-13 11:06:20[main] [DemoApplicationTests:55] - Starting DemoApplicationTests using Java 11.0.4 on DESKTOP-PAC9L00 with PID 3340 (started by siegfridk2 in C:\workspace_emot\demo)
INFO  21-04-13 11:06:20[main] [DemoApplicationTests:666] - The following profiles are active: local
INFO  21-04-13 11:06:21[main] [ThreadPoolTaskExecutor:181] - Initializing ExecutorService 'applicationTaskExecutor'
INFO  21-04-13 11:06:22[main] [DemoApplicationTests:61] - Started DemoApplicationTests in 2.716 seconds (JVM running for 3.937)
INFO  21-04-13 11:06:22[SpringContextShutdownHook] [ThreadPoolTaskExecutor:218] - Shutting down ExecutorService 'applicationTaskExecutor'
WARN  21-04-13 13:59:15[main] [DuplicateJsonObjectContextCustomizerFactory$DuplicateJsonObjectContextCustomizer:78] - 

Found multiple occurrences of org.json.JSONObject on the class path:

	jar:file:/C:/Users/siegfridk2/.m2/repository/com/vaadin/external/google/android-json/0.0.20131108.vaadin1/android-json-0.0.20131108.vaadin1.jar!/org/json/JSONObject.class
	jar:file:/C:/Users/siegfridk2/.m2/repository/org/json/json/20200518/json-20200518.jar!/org/json/JSONObject.class

You may wish to exclude one of them to ensure predictable runtime behavior

INFO  21-04-13 13:59:15[main] [DemoApplicationTests:55] - Starting DemoApplicationTests using Java 11.0.4 on DESKTOP-PAC9L00 with PID 34704 (started by siegfridk2 in C:\workspace_emot\demo)
INFO  21-04-13 13:59:15[main] [DemoApplicationTests:666] - The following profiles are active: local
INFO  21-04-13 13:59:16[main] [ThreadPoolTaskExecutor:181] - Initializing ExecutorService 'applicationTaskExecutor'
INFO  21-04-13 13:59:17[main] [DemoApplicationTests:61] - Started DemoApplicationTests in 2.518 seconds (JVM running for 3.705)
INFO  21-04-13 13:59:17[SpringContextShutdownHook] [ThreadPoolTaskExecutor:218] - Shutting down ExecutorService 'applicationTaskExecutor'
WARN  21-04-13 14:06:45[main] [DuplicateJsonObjectContextCustomizerFactory$DuplicateJsonObjectContextCustomizer:78] - 

Found multiple occurrences of org.json.JSONObject on the class path:

	jar:file:/C:/Users/siegfridk2/.m2/repository/com/vaadin/external/google/android-json/0.0.20131108.vaadin1/android-json-0.0.20131108.vaadin1.jar!/org/json/JSONObject.class
	jar:file:/C:/Users/siegfridk2/.m2/repository/org/json/json/20200518/json-20200518.jar!/org/json/JSONObject.class

You may wish to exclude one of them to ensure predictable runtime behavior

INFO  21-04-13 14:06:45[main] [DemoApplicationTests:55] - Starting DemoApplicationTests using Java 11.0.4 on DESKTOP-PAC9L00 with PID 60448 (started by siegfridk2 in C:\workspace_emot\demo)
INFO  21-04-13 14:06:45[main] [DemoApplicationTests:666] - The following profiles are active: local
INFO  21-04-13 14:06:46[main] [ThreadPoolTaskExecutor:181] - Initializing ExecutorService 'applicationTaskExecutor'
INFO  21-04-13 14:06:47[main] [DemoApplicationTests:61] - Started DemoApplicationTests in 2.676 seconds (JVM running for 4.18)
INFO  21-04-13 14:06:47[SpringContextShutdownHook] [ThreadPoolTaskExecutor:218] - Shutting down ExecutorService 'applicationTaskExecutor'
WARN  21-04-13 14:07:39[main] [DuplicateJsonObjectContextCustomizerFactory$DuplicateJsonObjectContextCustomizer:78] - 

Found multiple occurrences of org.json.JSONObject on the class path:

	jar:file:/C:/Users/siegfridk2/.m2/repository/com/vaadin/external/google/android-json/0.0.20131108.vaadin1/android-json-0.0.20131108.vaadin1.jar!/org/json/JSONObject.class
	jar:file:/C:/Users/siegfridk2/.m2/repository/org/json/json/20200518/json-20200518.jar!/org/json/JSONObject.class

You may wish to exclude one of them to ensure predictable runtime behavior

INFO  21-04-13 14:07:39[main] [DemoApplicationTests:55] - Starting DemoApplicationTests using Java 11.0.4 on DESKTOP-PAC9L00 with PID 60676 (started by siegfridk2 in C:\workspace_emot\demo)
INFO  21-04-13 14:07:39[main] [DemoApplicationTests:666] - The following profiles are active: local
INFO  21-04-13 14:07:41[main] [ThreadPoolTaskExecutor:181] - Initializing ExecutorService 'applicationTaskExecutor'
INFO  21-04-13 14:07:41[main] [DemoApplicationTests:61] - Started DemoApplicationTests in 2.425 seconds (JVM running for 3.631)
INFO  21-04-13 14:07:41[SpringContextShutdownHook] [ThreadPoolTaskExecutor:218] - Shutting down ExecutorService 'applicationTaskExecutor'
WARN  21-04-13 14:08:02[main] [DuplicateJsonObjectContextCustomizerFactory$DuplicateJsonObjectContextCustomizer:78] - 

Found multiple occurrences of org.json.JSONObject on the class path:

	jar:file:/C:/Users/siegfridk2/.m2/repository/com/vaadin/external/google/android-json/0.0.20131108.vaadin1/android-json-0.0.20131108.vaadin1.jar!/org/json/JSONObject.class
	jar:file:/C:/Users/siegfridk2/.m2/repository/org/json/json/20200518/json-20200518.jar!/org/json/JSONObject.class

You may wish to exclude one of them to ensure predictable runtime behavior

INFO  21-04-13 14:08:02[main] [DemoApplicationTests:55] - Starting DemoApplicationTests using Java 11.0.4 on DESKTOP-PAC9L00 with PID 12088 (started by siegfridk2 in C:\workspace_emot\demo)
INFO  21-04-13 14:08:02[main] [DemoApplicationTests:666] - The following profiles are active: local
INFO  21-04-13 14:08:03[main] [ThreadPoolTaskExecutor:181] - Initializing ExecutorService 'applicationTaskExecutor'
INFO  21-04-13 14:08:04[main] [DemoApplicationTests:61] - Started DemoApplicationTests in 2.553 seconds (JVM running for 3.821)
INFO  21-04-13 14:08:04[SpringContextShutdownHook] [ThreadPoolTaskExecutor:218] - Shutting down ExecutorService 'applicationTaskExecutor'
WARN  21-04-13 14:08:31[main] [DuplicateJsonObjectContextCustomizerFactory$DuplicateJsonObjectContextCustomizer:78] - 

Found multiple occurrences of org.json.JSONObject on the class path:

	jar:file:/C:/Users/siegfridk2/.m2/repository/com/vaadin/external/google/android-json/0.0.20131108.vaadin1/android-json-0.0.20131108.vaadin1.jar!/org/json/JSONObject.class
	jar:file:/C:/Users/siegfridk2/.m2/repository/org/json/json/20200518/json-20200518.jar!/org/json/JSONObject.class

You may wish to exclude one of them to ensure predictable runtime behavior

INFO  21-04-13 14:08:31[main] [DemoApplicationTests:55] - Starting DemoApplicationTests using Java 11.0.4 on DESKTOP-PAC9L00 with PID 26908 (started by siegfridk2 in C:\workspace_emot\demo)
INFO  21-04-13 14:08:31[main] [DemoApplicationTests:666] - The following profiles are active: local
INFO  21-04-13 14:08:32[main] [ThreadPoolTaskExecutor:181] - Initializing ExecutorService 'applicationTaskExecutor'
INFO  21-04-13 14:08:33[main] [DemoApplicationTests:61] - Started DemoApplicationTests in 2.539 seconds (JVM running for 3.747)
INFO  21-04-13 14:08:33[SpringContextShutdownHook] [ThreadPoolTaskExecutor:218] - Shutting down ExecutorService 'applicationTaskExecutor'
WARN  21-04-13 14:18:17[main] [DuplicateJsonObjectContextCustomizerFactory$DuplicateJsonObjectContextCustomizer:78] - 

Found multiple occurrences of org.json.JSONObject on the class path:

	jar:file:/C:/Users/siegfridk2/.m2/repository/com/vaadin/external/google/android-json/0.0.20131108.vaadin1/android-json-0.0.20131108.vaadin1.jar!/org/json/JSONObject.class
	jar:file:/C:/Users/siegfridk2/.m2/repository/org/json/json/20200518/json-20200518.jar!/org/json/JSONObject.class

You may wish to exclude one of them to ensure predictable runtime behavior

INFO  21-04-13 14:18:17[main] [DemoApplicationTests:55] - Starting DemoApplicationTests using Java 11.0.4 on DESKTOP-PAC9L00 with PID 39136 (started by siegfridk2 in C:\workspace_emot\demo)
INFO  21-04-13 14:18:17[main] [DemoApplicationTests:666] - The following profiles are active: local
INFO  21-04-13 14:18:19[main] [ThreadPoolTaskExecutor:181] - Initializing ExecutorService 'applicationTaskExecutor'
INFO  21-04-13 14:18:19[main] [DemoApplicationTests:61] - Started DemoApplicationTests in 2.539 seconds (JVM running for 3.791)
INFO  21-04-13 14:18:20[SpringContextShutdownHook] [ThreadPoolTaskExecutor:218] - Shutting down ExecutorService 'applicationTaskExecutor'
WARN  21-04-13 14:19:07[main] [DuplicateJsonObjectContextCustomizerFactory$DuplicateJsonObjectContextCustomizer:78] - 

Found multiple occurrences of org.json.JSONObject on the class path:

	jar:file:/C:/Users/siegfridk2/.m2/repository/com/vaadin/external/google/android-json/0.0.20131108.vaadin1/android-json-0.0.20131108.vaadin1.jar!/org/json/JSONObject.class
	jar:file:/C:/Users/siegfridk2/.m2/repository/org/json/json/20200518/json-20200518.jar!/org/json/JSONObject.class

You may wish to exclude one of them to ensure predictable runtime behavior

INFO  21-04-13 14:19:07[main] [DemoApplicationTests:55] - Starting DemoApplicationTests using Java 11.0.4 on DESKTOP-PAC9L00 with PID 62912 (started by siegfridk2 in C:\workspace_emot\demo)
INFO  21-04-13 14:19:07[main] [DemoApplicationTests:666] - The following profiles are active: local
INFO  21-04-13 14:19:08[main] [ThreadPoolTaskExecutor:181] - Initializing ExecutorService 'applicationTaskExecutor'
INFO  21-04-13 14:19:09[main] [DemoApplicationTests:61] - Started DemoApplicationTests in 2.485 seconds (JVM running for 3.754)
INFO  21-04-13 14:19:09[SpringContextShutdownHook] [ThreadPoolTaskExecutor:218] - Shutting down ExecutorService 'applicationTaskExecutor'
WARN  21-04-13 14:27:20[main] [DuplicateJsonObjectContextCustomizerFactory$DuplicateJsonObjectContextCustomizer:78] - 

Found multiple occurrences of org.json.JSONObject on the class path:

	jar:file:/C:/Users/siegfridk2/.m2/repository/com/vaadin/external/google/android-json/0.0.20131108.vaadin1/android-json-0.0.20131108.vaadin1.jar!/org/json/JSONObject.class
	jar:file:/C:/Users/siegfridk2/.m2/repository/org/json/json/20200518/json-20200518.jar!/org/json/JSONObject.class

You may wish to exclude one of them to ensure predictable runtime behavior

INFO  21-04-13 14:27:20[main] [DemoApplicationTests:55] - Starting DemoApplicationTests using Java 11.0.4 on DESKTOP-PAC9L00 with PID 24440 (started by siegfridk2 in C:\workspace_emot\demo)
INFO  21-04-13 14:27:20[main] [DemoApplicationTests:666] - The following profiles are active: local
INFO  21-04-13 14:27:22[main] [ThreadPoolTaskExecutor:181] - Initializing ExecutorService 'applicationTaskExecutor'
INFO  21-04-13 14:27:22[main] [DemoApplicationTests:61] - Started DemoApplicationTests in 2.495 seconds (JVM running for 3.778)
INFO  21-04-13 14:27:22[SpringContextShutdownHook] [ThreadPoolTaskExecutor:218] - Shutting down ExecutorService 'applicationTaskExecutor'
WARN  21-04-13 14:34:18[main] [DuplicateJsonObjectContextCustomizerFactory$DuplicateJsonObjectContextCustomizer:78] - 

Found multiple occurrences of org.json.JSONObject on the class path:

	jar:file:/C:/Users/siegfridk2/.m2/repository/com/vaadin/external/google/android-json/0.0.20131108.vaadin1/android-json-0.0.20131108.vaadin1.jar!/org/json/JSONObject.class
	jar:file:/C:/Users/siegfridk2/.m2/repository/org/json/json/20200518/json-20200518.jar!/org/json/JSONObject.class

You may wish to exclude one of them to ensure predictable runtime behavior

INFO  21-04-13 14:34:18[main] [DemoApplicationTests:55] - Starting DemoApplicationTests using Java 11.0.4 on DESKTOP-PAC9L00 with PID 26352 (started by siegfridk2 in C:\workspace_emot\demo)
INFO  21-04-13 14:34:18[main] [DemoApplicationTests:666] - The following profiles are active: local
INFO  21-04-13 14:34:20[main] [ThreadPoolTaskExecutor:181] - Initializing ExecutorService 'applicationTaskExecutor'
INFO  21-04-13 14:34:21[main] [DemoApplicationTests:61] - Started DemoApplicationTests in 2.662 seconds (JVM running for 3.95)
INFO  21-04-13 14:34:21[SpringContextShutdownHook] [ThreadPoolTaskExecutor:218] - Shutting down ExecutorService 'applicationTaskExecutor'
WARN  21-04-13 14:38:25[main] [DuplicateJsonObjectContextCustomizerFactory$DuplicateJsonObjectContextCustomizer:78] - 

Found multiple occurrences of org.json.JSONObject on the class path:

	jar:file:/C:/Users/siegfridk2/.m2/repository/com/vaadin/external/google/android-json/0.0.20131108.vaadin1/android-json-0.0.20131108.vaadin1.jar!/org/json/JSONObject.class
	jar:file:/C:/Users/siegfridk2/.m2/repository/org/json/json/20200518/json-20200518.jar!/org/json/JSONObject.class

You may wish to exclude one of them to ensure predictable runtime behavior

INFO  21-04-13 14:38:25[main] [DemoApplicationTests:55] - Starting DemoApplicationTests using Java 11.0.4 on DESKTOP-PAC9L00 with PID 39296 (started by siegfridk2 in C:\workspace_emot\demo)
INFO  21-04-13 14:38:25[main] [DemoApplicationTests:666] - The following profiles are active: local
INFO  21-04-13 14:38:26[main] [ThreadPoolTaskExecutor:181] - Initializing ExecutorService 'applicationTaskExecutor'
INFO  21-04-13 14:38:27[main] [DemoApplicationTests:61] - Started DemoApplicationTests in 2.552 seconds (JVM running for 3.759)
INFO  21-04-13 14:38:27[SpringContextShutdownHook] [ThreadPoolTaskExecutor:218] - Shutting down ExecutorService 'applicationTaskExecutor'
WARN  21-04-13 14:38:39[main] [DuplicateJsonObjectContextCustomizerFactory$DuplicateJsonObjectContextCustomizer:78] - 

Found multiple occurrences of org.json.JSONObject on the class path:

	jar:file:/C:/Users/siegfridk2/.m2/repository/com/vaadin/external/google/android-json/0.0.20131108.vaadin1/android-json-0.0.20131108.vaadin1.jar!/org/json/JSONObject.class
	jar:file:/C:/Users/siegfridk2/.m2/repository/org/json/json/20200518/json-20200518.jar!/org/json/JSONObject.class

You may wish to exclude one of them to ensure predictable runtime behavior

INFO  21-04-13 14:38:39[main] [DemoApplicationTests:55] - Starting DemoApplicationTests using Java 11.0.4 on DESKTOP-PAC9L00 with PID 8960 (started by siegfridk2 in C:\workspace_emot\demo)
INFO  21-04-13 14:38:39[main] [DemoApplicationTests:666] - The following profiles are active: local
INFO  21-04-13 14:38:40[main] [ThreadPoolTaskExecutor:181] - Initializing ExecutorService 'applicationTaskExecutor'
INFO  21-04-13 14:38:40[main] [DemoApplicationTests:61] - Started DemoApplicationTests in 2.463 seconds (JVM running for 3.728)
INFO  21-04-13 14:38:41[SpringContextShutdownHook] [ThreadPoolTaskExecutor:218] - Shutting down ExecutorService 'applicationTaskExecutor'
WARN  21-04-13 14:38:59[main] [DuplicateJsonObjectContextCustomizerFactory$DuplicateJsonObjectContextCustomizer:78] - 

Found multiple occurrences of org.json.JSONObject on the class path:

	jar:file:/C:/Users/siegfridk2/.m2/repository/com/vaadin/external/google/android-json/0.0.20131108.vaadin1/android-json-0.0.20131108.vaadin1.jar!/org/json/JSONObject.class
	jar:file:/C:/Users/siegfridk2/.m2/repository/org/json/json/20200518/json-20200518.jar!/org/json/JSONObject.class

You may wish to exclude one of them to ensure predictable runtime behavior

INFO  21-04-13 14:38:59[main] [DemoApplicationTests:55] - Starting DemoApplicationTests using Java 11.0.4 on DESKTOP-PAC9L00 with PID 47020 (started by siegfridk2 in C:\workspace_emot\demo)
INFO  21-04-13 14:38:59[main] [DemoApplicationTests:666] - The following profiles are active: local
INFO  21-04-13 14:39:01[main] [ThreadPoolTaskExecutor:181] - Initializing ExecutorService 'applicationTaskExecutor'
INFO  21-04-13 14:39:01[main] [DemoApplicationTests:61] - Started DemoApplicationTests in 2.583 seconds (JVM running for 3.732)
INFO  21-04-13 14:39:02[SpringContextShutdownHook] [ThreadPoolTaskExecutor:218] - Shutting down ExecutorService 'applicationTaskExecutor'
WARN  21-04-13 14:42:48[main] [DuplicateJsonObjectContextCustomizerFactory$DuplicateJsonObjectContextCustomizer:78] - 

Found multiple occurrences of org.json.JSONObject on the class path:

	jar:file:/C:/Users/siegfridk2/.m2/repository/com/vaadin/external/google/android-json/0.0.20131108.vaadin1/android-json-0.0.20131108.vaadin1.jar!/org/json/JSONObject.class
	jar:file:/C:/Users/siegfridk2/.m2/repository/org/json/json/20200518/json-20200518.jar!/org/json/JSONObject.class

You may wish to exclude one of them to ensure predictable runtime behavior

INFO  21-04-13 14:42:48[main] [DemoApplicationTests:55] - Starting DemoApplicationTests using Java 11.0.4 on DESKTOP-PAC9L00 with PID 21876 (started by siegfridk2 in C:\workspace_emot\demo)
INFO  21-04-13 14:42:48[main] [DemoApplicationTests:666] - The following profiles are active: local
INFO  21-04-13 14:42:50[main] [ThreadPoolTaskExecutor:181] - Initializing ExecutorService 'applicationTaskExecutor'
INFO  21-04-13 14:42:51[main] [DemoApplicationTests:61] - Started DemoApplicationTests in 3.114 seconds (JVM running for 4.487)
INFO  21-04-13 14:42:52[SpringContextShutdownHook] [ThreadPoolTaskExecutor:218] - Shutting down ExecutorService 'applicationTaskExecutor'
WARN  21-04-13 14:43:20[main] [DuplicateJsonObjectContextCustomizerFactory$DuplicateJsonObjectContextCustomizer:78] - 

Found multiple occurrences of org.json.JSONObject on the class path:

	jar:file:/C:/Users/siegfridk2/.m2/repository/com/vaadin/external/google/android-json/0.0.20131108.vaadin1/android-json-0.0.20131108.vaadin1.jar!/org/json/JSONObject.class
	jar:file:/C:/Users/siegfridk2/.m2/repository/org/json/json/20200518/json-20200518.jar!/org/json/JSONObject.class

You may wish to exclude one of them to ensure predictable runtime behavior

INFO  21-04-13 14:43:20[main] [DemoApplicationTests:55] - Starting DemoApplicationTests using Java 11.0.4 on DESKTOP-PAC9L00 with PID 17748 (started by siegfridk2 in C:\workspace_emot\demo)
INFO  21-04-13 14:43:20[main] [DemoApplicationTests:666] - The following profiles are active: local
INFO  21-04-13 14:43:21[main] [ThreadPoolTaskExecutor:181] - Initializing ExecutorService 'applicationTaskExecutor'
INFO  21-04-13 14:43:22[main] [DemoApplicationTests:61] - Started DemoApplicationTests in 2.598 seconds (JVM running for 3.875)
INFO  21-04-13 14:43:22[SpringContextShutdownHook] [ThreadPoolTaskExecutor:218] - Shutting down ExecutorService 'applicationTaskExecutor'
WARN  21-04-13 14:44:00[main] [DuplicateJsonObjectContextCustomizerFactory$DuplicateJsonObjectContextCustomizer:78] - 

Found multiple occurrences of org.json.JSONObject on the class path:

	jar:file:/C:/Users/siegfridk2/.m2/repository/com/vaadin/external/google/android-json/0.0.20131108.vaadin1/android-json-0.0.20131108.vaadin1.jar!/org/json/JSONObject.class
	jar:file:/C:/Users/siegfridk2/.m2/repository/org/json/json/20200518/json-20200518.jar!/org/json/JSONObject.class

You may wish to exclude one of them to ensure predictable runtime behavior

INFO  21-04-13 14:44:00[main] [DemoApplicationTests:55] - Starting DemoApplicationTests using Java 11.0.4 on DESKTOP-PAC9L00 with PID 48560 (started by siegfridk2 in C:\workspace_emot\demo)
INFO  21-04-13 14:44:00[main] [DemoApplicationTests:666] - The following profiles are active: local
INFO  21-04-13 14:44:02[main] [ThreadPoolTaskExecutor:181] - Initializing ExecutorService 'applicationTaskExecutor'
INFO  21-04-13 14:44:02[main] [DemoApplicationTests:61] - Started DemoApplicationTests in 3.203 seconds (JVM running for 4.726)
INFO  21-04-13 14:44:03[SpringContextShutdownHook] [ThreadPoolTaskExecutor:218] - Shutting down ExecutorService 'applicationTaskExecutor'
WARN  21-04-13 14:44:32[main] [DuplicateJsonObjectContextCustomizerFactory$DuplicateJsonObjectContextCustomizer:78] - 

Found multiple occurrences of org.json.JSONObject on the class path:

	jar:file:/C:/Users/siegfridk2/.m2/repository/com/vaadin/external/google/android-json/0.0.20131108.vaadin1/android-json-0.0.20131108.vaadin1.jar!/org/json/JSONObject.class
	jar:file:/C:/Users/siegfridk2/.m2/repository/org/json/json/20200518/json-20200518.jar!/org/json/JSONObject.class

You may wish to exclude one of them to ensure predictable runtime behavior

INFO  21-04-13 14:44:32[main] [DemoApplicationTests:55] - Starting DemoApplicationTests using Java 11.0.4 on DESKTOP-PAC9L00 with PID 22628 (started by siegfridk2 in C:\workspace_emot\demo)
INFO  21-04-13 14:44:32[main] [DemoApplicationTests:666] - The following profiles are active: local
INFO  21-04-13 14:44:33[main] [ThreadPoolTaskExecutor:181] - Initializing ExecutorService 'applicationTaskExecutor'
INFO  21-04-13 14:44:34[main] [DemoApplicationTests:61] - Started DemoApplicationTests in 2.523 seconds (JVM running for 3.846)
INFO  21-04-13 14:44:34[SpringContextShutdownHook] [ThreadPoolTaskExecutor:218] - Shutting down ExecutorService 'applicationTaskExecutor'
WARN  21-04-13 14:52:07[main] [DuplicateJsonObjectContextCustomizerFactory$DuplicateJsonObjectContextCustomizer:78] - 

Found multiple occurrences of org.json.JSONObject on the class path:

	jar:file:/C:/Users/siegfridk2/.m2/repository/com/vaadin/external/google/android-json/0.0.20131108.vaadin1/android-json-0.0.20131108.vaadin1.jar!/org/json/JSONObject.class
	jar:file:/C:/Users/siegfridk2/.m2/repository/org/json/json/20200518/json-20200518.jar!/org/json/JSONObject.class

You may wish to exclude one of them to ensure predictable runtime behavior

INFO  21-04-13 14:52:08[main] [DemoApplicationTests:55] - Starting DemoApplicationTests using Java 11.0.4 on DESKTOP-PAC9L00 with PID 16116 (started by siegfridk2 in C:\workspace_emot\demo)
INFO  21-04-13 14:52:08[main] [DemoApplicationTests:666] - The following profiles are active: local
INFO  21-04-13 14:52:09[main] [ThreadPoolTaskExecutor:181] - Initializing ExecutorService 'applicationTaskExecutor'
INFO  21-04-13 14:52:09[main] [DemoApplicationTests:61] - Started DemoApplicationTests in 2.459 seconds (JVM running for 3.732)
INFO  21-04-13 14:52:10[SpringContextShutdownHook] [ThreadPoolTaskExecutor:218] - Shutting down ExecutorService 'applicationTaskExecutor'
WARN  21-04-13 14:52:31[main] [DuplicateJsonObjectContextCustomizerFactory$DuplicateJsonObjectContextCustomizer:78] - 

Found multiple occurrences of org.json.JSONObject on the class path:

	jar:file:/C:/Users/siegfridk2/.m2/repository/com/vaadin/external/google/android-json/0.0.20131108.vaadin1/android-json-0.0.20131108.vaadin1.jar!/org/json/JSONObject.class
	jar:file:/C:/Users/siegfridk2/.m2/repository/org/json/json/20200518/json-20200518.jar!/org/json/JSONObject.class

You may wish to exclude one of them to ensure predictable runtime behavior

INFO  21-04-13 14:52:31[main] [DemoApplicationTests:55] - Starting DemoApplicationTests using Java 11.0.4 on DESKTOP-PAC9L00 with PID 63432 (started by siegfridk2 in C:\workspace_emot\demo)
INFO  21-04-13 14:52:31[main] [DemoApplicationTests:666] - The following profiles are active: local
INFO  21-04-13 14:52:32[main] [ThreadPoolTaskExecutor:181] - Initializing ExecutorService 'applicationTaskExecutor'
INFO  21-04-13 14:52:33[main] [DemoApplicationTests:61] - Started DemoApplicationTests in 2.443 seconds (JVM running for 3.668)
INFO  21-04-13 14:52:33[SpringContextShutdownHook] [ThreadPoolTaskExecutor:218] - Shutting down ExecutorService 'applicationTaskExecutor'
WARN  21-04-13 14:53:07[main] [DuplicateJsonObjectContextCustomizerFactory$DuplicateJsonObjectContextCustomizer:78] - 

Found multiple occurrences of org.json.JSONObject on the class path:

	jar:file:/C:/Users/siegfridk2/.m2/repository/com/vaadin/external/google/android-json/0.0.20131108.vaadin1/android-json-0.0.20131108.vaadin1.jar!/org/json/JSONObject.class
	jar:file:/C:/Users/siegfridk2/.m2/repository/org/json/json/20200518/json-20200518.jar!/org/json/JSONObject.class

You may wish to exclude one of them to ensure predictable runtime behavior

INFO  21-04-13 14:53:07[main] [DemoApplicationTests:55] - Starting DemoApplicationTests using Java 11.0.4 on DESKTOP-PAC9L00 with PID 34292 (started by siegfridk2 in C:\workspace_emot\demo)
INFO  21-04-13 14:53:07[main] [DemoApplicationTests:666] - The following profiles are active: local
INFO  21-04-13 14:53:08[main] [ThreadPoolTaskExecutor:181] - Initializing ExecutorService 'applicationTaskExecutor'
INFO  21-04-13 14:53:09[main] [DemoApplicationTests:61] - Started DemoApplicationTests in 2.563 seconds (JVM running for 3.761)
INFO  21-04-13 14:53:09[SpringContextShutdownHook] [ThreadPoolTaskExecutor:218] - Shutting down ExecutorService 'applicationTaskExecutor'
WARN  21-04-13 15:01:20[main] [DuplicateJsonObjectContextCustomizerFactory$DuplicateJsonObjectContextCustomizer:78] - 

Found multiple occurrences of org.json.JSONObject on the class path:

	jar:file:/C:/Users/siegfridk2/.m2/repository/com/vaadin/external/google/android-json/0.0.20131108.vaadin1/android-json-0.0.20131108.vaadin1.jar!/org/json/JSONObject.class
	jar:file:/C:/Users/siegfridk2/.m2/repository/org/json/json/20200518/json-20200518.jar!/org/json/JSONObject.class

You may wish to exclude one of them to ensure predictable runtime behavior

INFO  21-04-13 15:01:20[main] [DemoApplicationTests:55] - Starting DemoApplicationTests using Java 11.0.4 on DESKTOP-PAC9L00 with PID 25072 (started by siegfridk2 in C:\workspace_emot\demo)
INFO  21-04-13 15:01:20[main] [DemoApplicationTests:666] - The following profiles are active: local
INFO  21-04-13 15:01:22[main] [ThreadPoolTaskExecutor:181] - Initializing ExecutorService 'applicationTaskExecutor'
INFO  21-04-13 15:01:22[main] [DemoApplicationTests:61] - Started DemoApplicationTests in 2.444 seconds (JVM running for 3.711)
INFO  21-04-13 15:01:23[SpringContextShutdownHook] [ThreadPoolTaskExecutor:218] - Shutting down ExecutorService 'applicationTaskExecutor'
WARN  21-04-13 16:53:18[main] [DuplicateJsonObjectContextCustomizerFactory$DuplicateJsonObjectContextCustomizer:78] - 

Found multiple occurrences of org.json.JSONObject on the class path:

	jar:file:/C:/Users/siegfridk2/.m2/repository/com/vaadin/external/google/android-json/0.0.20131108.vaadin1/android-json-0.0.20131108.vaadin1.jar!/org/json/JSONObject.class
	jar:file:/C:/Users/siegfridk2/.m2/repository/org/json/json/20200518/json-20200518.jar!/org/json/JSONObject.class

You may wish to exclude one of them to ensure predictable runtime behavior

INFO  21-04-13 16:53:18[main] [DemoApplicationTests:55] - Starting DemoApplicationTests using Java 11.0.4 on DESKTOP-PAC9L00 with PID 54960 (started by siegfridk2 in C:\workspace_emot\demo)
INFO  21-04-13 16:53:18[main] [DemoApplicationTests:666] - The following profiles are active: local
INFO  21-04-13 16:53:20[main] [ThreadPoolTaskExecutor:181] - Initializing ExecutorService 'applicationTaskExecutor'
INFO  21-04-13 16:53:20[main] [DemoApplicationTests:61] - Started DemoApplicationTests in 2.623 seconds (JVM running for 4.089)
INFO  21-04-13 16:53:20[SpringContextShutdownHook] [ThreadPoolTaskExecutor:218] - Shutting down ExecutorService 'applicationTaskExecutor'
WARN  21-04-13 16:54:04[main] [DuplicateJsonObjectContextCustomizerFactory$DuplicateJsonObjectContextCustomizer:78] - 

Found multiple occurrences of org.json.JSONObject on the class path:

	jar:file:/C:/Users/siegfridk2/.m2/repository/com/vaadin/external/google/android-json/0.0.20131108.vaadin1/android-json-0.0.20131108.vaadin1.jar!/org/json/JSONObject.class
	jar:file:/C:/Users/siegfridk2/.m2/repository/org/json/json/20200518/json-20200518.jar!/org/json/JSONObject.class

You may wish to exclude one of them to ensure predictable runtime behavior

INFO  21-04-13 16:54:04[main] [DemoApplicationTests:55] - Starting DemoApplicationTests using Java 11.0.4 on DESKTOP-PAC9L00 with PID 40988 (started by siegfridk2 in C:\workspace_emot\demo)
INFO  21-04-13 16:54:04[main] [DemoApplicationTests:666] - The following profiles are active: local
INFO  21-04-13 16:54:06[main] [ThreadPoolTaskExecutor:181] - Initializing ExecutorService 'applicationTaskExecutor'
INFO  21-04-13 16:54:06[main] [DemoApplicationTests:61] - Started DemoApplicationTests in 2.682 seconds (JVM running for 3.954)
INFO  21-04-13 16:54:07[SpringContextShutdownHook] [ThreadPoolTaskExecutor:218] - Shutting down ExecutorService 'applicationTaskExecutor'
WARN  21-04-13 17:06:00[main] [DuplicateJsonObjectContextCustomizerFactory$DuplicateJsonObjectContextCustomizer:78] - 

Found multiple occurrences of org.json.JSONObject on the class path:

	jar:file:/C:/Users/siegfridk2/.m2/repository/com/vaadin/external/google/android-json/0.0.20131108.vaadin1/android-json-0.0.20131108.vaadin1.jar!/org/json/JSONObject.class
	jar:file:/C:/Users/siegfridk2/.m2/repository/org/json/json/20200518/json-20200518.jar!/org/json/JSONObject.class

You may wish to exclude one of them to ensure predictable runtime behavior

INFO  21-04-13 17:06:00[main] [DemoApplicationTests:55] - Starting DemoApplicationTests using Java 11.0.4 on DESKTOP-PAC9L00 with PID 41856 (started by siegfridk2 in C:\workspace_emot\demo)
INFO  21-04-13 17:06:00[main] [DemoApplicationTests:666] - The following profiles are active: local
INFO  21-04-13 17:06:01[main] [ThreadPoolTaskExecutor:181] - Initializing ExecutorService 'applicationTaskExecutor'
INFO  21-04-13 17:06:02[main] [DemoApplicationTests:61] - Started DemoApplicationTests in 2.935 seconds (JVM running for 4.258)
INFO  21-04-13 17:06:02[SpringContextShutdownHook] [ThreadPoolTaskExecutor:218] - Shutting down ExecutorService 'applicationTaskExecutor'
WARN  21-04-13 17:27:34[main] [DuplicateJsonObjectContextCustomizerFactory$DuplicateJsonObjectContextCustomizer:78] - 

Found multiple occurrences of org.json.JSONObject on the class path:

	jar:file:/C:/Users/siegfridk2/.m2/repository/com/vaadin/external/google/android-json/0.0.20131108.vaadin1/android-json-0.0.20131108.vaadin1.jar!/org/json/JSONObject.class
	jar:file:/C:/Users/siegfridk2/.m2/repository/org/json/json/20200518/json-20200518.jar!/org/json/JSONObject.class

You may wish to exclude one of them to ensure predictable runtime behavior

INFO  21-04-13 17:27:34[main] [DemoApplicationTests:55] - Starting DemoApplicationTests using Java 11.0.4 on DESKTOP-PAC9L00 with PID 41036 (started by siegfridk2 in C:\workspace_emot\demo)
INFO  21-04-13 17:27:34[main] [DemoApplicationTests:666] - The following profiles are active: local
INFO  21-04-13 17:27:36[main] [ThreadPoolTaskExecutor:181] - Initializing ExecutorService 'applicationTaskExecutor'
INFO  21-04-13 17:27:36[main] [DemoApplicationTests:61] - Started DemoApplicationTests in 2.811 seconds (JVM running for 4.056)
INFO  21-04-13 17:27:36[SpringContextShutdownHook] [ThreadPoolTaskExecutor:218] - Shutting down ExecutorService 'applicationTaskExecutor'
WARN  21-04-13 17:27:55[main] [DuplicateJsonObjectContextCustomizerFactory$DuplicateJsonObjectContextCustomizer:78] - 

Found multiple occurrences of org.json.JSONObject on the class path:

	jar:file:/C:/Users/siegfridk2/.m2/repository/com/vaadin/external/google/android-json/0.0.20131108.vaadin1/android-json-0.0.20131108.vaadin1.jar!/org/json/JSONObject.class
	jar:file:/C:/Users/siegfridk2/.m2/repository/org/json/json/20200518/json-20200518.jar!/org/json/JSONObject.class

You may wish to exclude one of them to ensure predictable runtime behavior

INFO  21-04-13 17:27:55[main] [DemoApplicationTests:55] - Starting DemoApplicationTests using Java 11.0.4 on DESKTOP-PAC9L00 with PID 32108 (started by siegfridk2 in C:\workspace_emot\demo)
INFO  21-04-13 17:27:55[main] [DemoApplicationTests:666] - The following profiles are active: local
INFO  21-04-13 17:27:57[main] [ThreadPoolTaskExecutor:181] - Initializing ExecutorService 'applicationTaskExecutor'
INFO  21-04-13 17:27:58[main] [DemoApplicationTests:61] - Started DemoApplicationTests in 2.833 seconds (JVM running for 4.131)
INFO  21-04-13 17:27:58[SpringContextShutdownHook] [ThreadPoolTaskExecutor:218] - Shutting down ExecutorService 'applicationTaskExecutor'
WARN  21-04-13 17:32:51[main] [DuplicateJsonObjectContextCustomizerFactory$DuplicateJsonObjectContextCustomizer:78] - 

Found multiple occurrences of org.json.JSONObject on the class path:

	jar:file:/C:/Users/siegfridk2/.m2/repository/com/vaadin/external/google/android-json/0.0.20131108.vaadin1/android-json-0.0.20131108.vaadin1.jar!/org/json/JSONObject.class
	jar:file:/C:/Users/siegfridk2/.m2/repository/org/json/json/20200518/json-20200518.jar!/org/json/JSONObject.class

You may wish to exclude one of them to ensure predictable runtime behavior

INFO  21-04-13 17:32:51[main] [DemoApplicationTests:55] - Starting DemoApplicationTests using Java 11.0.4 on DESKTOP-PAC9L00 with PID 48276 (started by siegfridk2 in C:\workspace_emot\demo)
INFO  21-04-13 17:32:51[main] [DemoApplicationTests:666] - The following profiles are active: local
INFO  21-04-13 17:32:52[main] [ThreadPoolTaskExecutor:181] - Initializing ExecutorService 'applicationTaskExecutor'
INFO  21-04-13 17:32:53[main] [DemoApplicationTests:61] - Started DemoApplicationTests in 2.63 seconds (JVM running for 3.828)
INFO  21-04-13 17:32:53[SpringContextShutdownHook] [ThreadPoolTaskExecutor:218] - Shutting down ExecutorService 'applicationTaskExecutor'
WARN  21-04-13 17:35:39[main] [DuplicateJsonObjectContextCustomizerFactory$DuplicateJsonObjectContextCustomizer:78] - 

Found multiple occurrences of org.json.JSONObject on the class path:

	jar:file:/C:/Users/siegfridk2/.m2/repository/com/vaadin/external/google/android-json/0.0.20131108.vaadin1/android-json-0.0.20131108.vaadin1.jar!/org/json/JSONObject.class
	jar:file:/C:/Users/siegfridk2/.m2/repository/org/json/json/20200518/json-20200518.jar!/org/json/JSONObject.class

You may wish to exclude one of them to ensure predictable runtime behavior

INFO  21-04-13 17:35:39[main] [DemoApplicationTests:55] - Starting DemoApplicationTests using Java 11.0.4 on DESKTOP-PAC9L00 with PID 40704 (started by siegfridk2 in C:\workspace_emot\demo)
INFO  21-04-13 17:35:39[main] [DemoApplicationTests:666] - The following profiles are active: local
INFO  21-04-13 17:35:41[main] [ThreadPoolTaskExecutor:181] - Initializing ExecutorService 'applicationTaskExecutor'
INFO  21-04-13 17:35:41[main] [DemoApplicationTests:61] - Started DemoApplicationTests in 2.561 seconds (JVM running for 4.004)
INFO  21-04-13 17:35:42[SpringContextShutdownHook] [ThreadPoolTaskExecutor:218] - Shutting down ExecutorService 'applicationTaskExecutor'
