INFO  21-04-21 17:37:27[restartedMain] [DemoApplication:55] - Starting DemoApplication using Java 11.0.4 on DESKTOP-PAC9L00 with PID 11700 (C:\git\repository\SPBDemo\target\classes started by siegfridk2 in C:\git\repository\SPBDemo)
INFO  21-04-21 17:37:27[restartedMain] [DemoApplication:666] - The following profiles are active: local
INFO  21-04-21 17:37:28[restartedMain] [DevToolsPropertyDefaultsPostProcessor:255] - Devtools property defaults active! Set 'spring.devtools.add-properties' to 'false' to disable
INFO  21-04-21 17:37:28[restartedMain] [DevToolsPropertyDefaultsPostProcessor:255] - For additional web related logging consider setting the 'logging.level.web' property to 'DEBUG'
INFO  21-04-21 17:37:29[restartedMain] [TomcatWebServer:108] - Tomcat initialized with port(s): 9090 (http)
INFO  21-04-21 17:37:29[restartedMain] [Http11NioProtocol:173] - Initializing ProtocolHandler ["http-nio-9090"]
INFO  21-04-21 17:37:29[restartedMain] [StandardService:173] - Starting service [Tomcat]
INFO  21-04-21 17:37:29[restartedMain] [StandardEngine:173] - Starting Servlet engine: [Apache Tomcat/9.0.44]
INFO  21-04-21 17:37:30[restartedMain] [TldScanner:173] - At least one JAR was scanned for TLDs yet contained no TLDs. Enable debug logging for this logger for a complete list of JARs that were scanned but no TLDs were found in them. Skipping unneeded JARs during scanning can improve startup time and JSP compilation time.
INFO  21-04-21 17:37:30[restartedMain] [[/demo]:173] - Initializing Spring embedded WebApplicationContext
INFO  21-04-21 17:37:30[restartedMain] [ServletWebServerApplicationContext:289] - Root WebApplicationContext: initialization completed in 2140 ms
INFO  21-04-21 17:37:30[restartedMain] [ThreadPoolTaskExecutor:181] - Initializing ExecutorService 'applicationTaskExecutor'
INFO  21-04-21 17:37:30[restartedMain] [OptionalLiveReloadServer:58] - LiveReload server is running on port 35729
INFO  21-04-21 17:37:30[restartedMain] [Http11NioProtocol:173] - Starting ProtocolHandler ["http-nio-9090"]
INFO  21-04-21 17:37:30[restartedMain] [TomcatWebServer:220] - Tomcat started on port(s): 9090 (http) with context path '/demo'
INFO  21-04-21 17:37:30[restartedMain] [DemoApplication:61] - Started DemoApplication in 3.266 seconds (JVM running for 3.818)
INFO  21-04-21 17:38:30[Thread-5] [ThreadPoolTaskExecutor:218] - Shutting down ExecutorService 'applicationTaskExecutor'
INFO  21-04-21 17:38:30[restartedMain] [DemoApplication:55] - Starting DemoApplication using Java 11.0.4 on DESKTOP-PAC9L00 with PID 11700 (C:\git\repository\SPBDemo\target\classes started by siegfridk2 in C:\git\repository\SPBDemo)
INFO  21-04-21 17:38:30[restartedMain] [DemoApplication:666] - The following profiles are active: local
INFO  21-04-21 17:38:30[restartedMain] [TomcatWebServer:108] - Tomcat initialized with port(s): 9090 (http)
INFO  21-04-21 17:38:30[restartedMain] [Http11NioProtocol:173] - Initializing ProtocolHandler ["http-nio-9090"]
INFO  21-04-21 17:38:30[restartedMain] [StandardService:173] - Starting service [Tomcat]
INFO  21-04-21 17:38:30[restartedMain] [StandardEngine:173] - Starting Servlet engine: [Apache Tomcat/9.0.44]
INFO  21-04-21 17:38:31[restartedMain] [TldScanner:173] - At least one JAR was scanned for TLDs yet contained no TLDs. Enable debug logging for this logger for a complete list of JARs that were scanned but no TLDs were found in them. Skipping unneeded JARs during scanning can improve startup time and JSP compilation time.
INFO  21-04-21 17:38:31[restartedMain] [[/]:173] - Initializing Spring embedded WebApplicationContext
INFO  21-04-21 17:38:31[restartedMain] [ServletWebServerApplicationContext:289] - Root WebApplicationContext: initialization completed in 360 ms
INFO  21-04-21 17:38:31[restartedMain] [ThreadPoolTaskExecutor:181] - Initializing ExecutorService 'applicationTaskExecutor'
INFO  21-04-21 17:38:31[restartedMain] [OptionalLiveReloadServer:58] - LiveReload server is running on port 35729
INFO  21-04-21 17:38:31[restartedMain] [Http11NioProtocol:173] - Starting ProtocolHandler ["http-nio-9090"]
INFO  21-04-21 17:38:31[restartedMain] [TomcatWebServer:220] - Tomcat started on port(s): 9090 (http) with context path ''
INFO  21-04-21 17:38:31[restartedMain] [DemoApplication:61] - Started DemoApplication in 0.548 seconds (JVM running for 64.387)
INFO  21-04-21 17:38:31[restartedMain] [ConditionEvaluationDeltaLoggingListener:63] - Condition evaluation unchanged
INFO  21-04-21 17:38:49[http-nio-9090-exec-1] [[/]:173] - Initializing Spring DispatcherServlet 'dispatcherServlet'
INFO  21-04-21 17:38:49[http-nio-9090-exec-1] [DispatcherServlet:525] - Initializing Servlet 'dispatcherServlet'
INFO  21-04-21 17:38:49[http-nio-9090-exec-1] [DispatcherServlet:547] - Completed initialization in 1 ms
INFO  21-04-21 17:38:49[http-nio-9090-exec-1] [SampleController:52] - this is mpm skill test method
WARN  21-04-21 17:38:50[http-nio-9090-exec-1] [SessionIdGeneratorBase:173] - Creation of SecureRandom instance for session ID generation using [SHA1PRNG] took [720] milliseconds.
