INFO  21-04-09 09:52:04[Thread-33] [ThreadPoolTaskExecutor:218] - Shutting down ExecutorService 'applicationTaskExecutor'
INFO  21-04-09 09:52:18[restartedMain] [DemoApplication:55] - Starting DemoApplication using Java 11.0.4 on DESKTOP-PAC9L00 with PID 35248 (C:\workspace_emot\demo\target\classes started by siegfridk2 in C:\workspace_emot\demo)
INFO  21-04-09 09:52:18[restartedMain] [DemoApplication:666] - The following profiles are active: local
INFO  21-04-09 09:52:19[restartedMain] [DemoApplication:55] - Starting DemoApplication using Java 11.0.4 on DESKTOP-PAC9L00 with PID 15896 (C:\workspace_emot\demo\target\classes started by siegfridk2 in C:\workspace_emot\demo)
INFO  21-04-09 09:52:19[restartedMain] [DemoApplication:666] - The following profiles are active: local
INFO  21-04-09 09:52:19[restartedMain] [DevToolsPropertyDefaultsPostProcessor:255] - Devtools property defaults active! Set 'spring.devtools.add-properties' to 'false' to disable
INFO  21-04-09 09:52:19[restartedMain] [DevToolsPropertyDefaultsPostProcessor:255] - For additional web related logging consider setting the 'logging.level.web' property to 'DEBUG'
INFO  21-04-09 09:52:20[restartedMain] [TomcatWebServer:108] - Tomcat initialized with port(s): 9090 (http)
INFO  21-04-09 09:52:20[restartedMain] [StandardService:173] - Starting service [Tomcat]
INFO  21-04-09 09:52:20[restartedMain] [StandardEngine:173] - Starting Servlet engine: [Apache Tomcat/9.0.44]
INFO  21-04-09 09:52:20[restartedMain] [TldScanner:173] - At least one JAR was scanned for TLDs yet contained no TLDs. Enable debug logging for this logger for a complete list of JARs that were scanned but no TLDs were found in them. Skipping unneeded JARs during scanning can improve startup time and JSP compilation time.
INFO  21-04-09 09:52:21[restartedMain] [[/demo]:173] - Initializing Spring embedded WebApplicationContext
INFO  21-04-09 09:52:21[restartedMain] [ServletWebServerApplicationContext:289] - Root WebApplicationContext: initialization completed in 2783 ms
INFO  21-04-09 09:52:21[restartedMain] [ThreadPoolTaskExecutor:181] - Initializing ExecutorService 'applicationTaskExecutor'
INFO  21-04-09 09:52:21[restartedMain] [OptionalLiveReloadServer:58] - LiveReload server is running on port 35729
INFO  21-04-09 09:52:21[restartedMain] [TomcatWebServer:220] - Tomcat started on port(s): 9090 (http) with context path '/demo'
INFO  21-04-09 09:52:21[restartedMain] [DemoApplication:61] - Started DemoApplication in 3.589 seconds (JVM running for 692176.468)
INFO  21-04-09 09:52:21[restartedMain] [ConditionEvaluationDeltaLoggingListener:63] - Condition evaluation unchanged
INFO  21-04-09 09:52:24[restartedMain] [TomcatWebServer:108] - Tomcat initialized with port(s): 9090 (http)
INFO  21-04-09 09:52:24[restartedMain] [Http11NioProtocol:173] - Initializing ProtocolHandler ["http-nio-9090"]
INFO  21-04-09 09:52:24[restartedMain] [StandardService:173] - Starting service [Tomcat]
INFO  21-04-09 09:52:24[restartedMain] [StandardEngine:173] - Starting Servlet engine: [Apache Tomcat/9.0.44]
INFO  21-04-09 09:52:25[restartedMain] [TldScanner:173] - At least one JAR was scanned for TLDs yet contained no TLDs. Enable debug logging for this logger for a complete list of JARs that were scanned but no TLDs were found in them. Skipping unneeded JARs during scanning can improve startup time and JSP compilation time.
INFO  21-04-09 09:52:25[restartedMain] [[/demo]:173] - Initializing Spring embedded WebApplicationContext
INFO  21-04-09 09:52:25[restartedMain] [ServletWebServerApplicationContext:289] - Root WebApplicationContext: initialization completed in 5535 ms
INFO  21-04-09 09:52:25[restartedMain] [ThreadPoolTaskExecutor:181] - Initializing ExecutorService 'applicationTaskExecutor'
WARN  21-04-09 09:52:25[restartedMain] [OptionalLiveReloadServer:61] - Unable to start LiveReload server
INFO  21-04-09 09:52:25[restartedMain] [Http11NioProtocol:173] - Starting ProtocolHandler ["http-nio-9090"]
WARN  21-04-09 09:52:26[restartedMain] [AnnotationConfigServletWebServerApplicationContext:591] - Exception encountered during context initialization - cancelling refresh attempt: org.springframework.context.ApplicationContextException: Failed to start bean 'webServerStartStop'; nested exception is org.springframework.boot.web.server.PortInUseException: Port 9090 is already in use
INFO  21-04-09 09:52:26[restartedMain] [ThreadPoolTaskExecutor:218] - Shutting down ExecutorService 'applicationTaskExecutor'
INFO  21-04-09 09:52:26[restartedMain] [Http11NioProtocol:173] - Pausing ProtocolHandler ["http-nio-9090"]
INFO  21-04-09 09:52:26[restartedMain] [StandardService:173] - Stopping service [Tomcat]
INFO  21-04-09 09:52:26[restartedMain] [Http11NioProtocol:173] - Stopping ProtocolHandler ["http-nio-9090"]
INFO  21-04-09 09:52:26[restartedMain] [Http11NioProtocol:173] - Destroying ProtocolHandler ["http-nio-9090"]
INFO  21-04-09 09:52:26[restartedMain] [ConditionEvaluationReportLoggingListener:136] - 

Error starting ApplicationContext. To display the conditions report re-run your application with 'debug' enabled.
ERROR 21-04-09 09:52:26[restartedMain] [LoggingFailureAnalysisReporter:40] - 

***************************
APPLICATION FAILED TO START
***************************

Description:

Web server failed to start. Port 9090 was already in use.

Action:

Identify and stop the process that's listening on port 9090 or configure this application to listen on another port.

INFO  21-04-09 09:53:39[restartedMain] [DemoApplication:55] - Starting DemoApplication using Java 11.0.4 on DESKTOP-PAC9L00 with PID 35212 (C:\workspace_emot\demo\target\classes started by siegfridk2 in C:\workspace_emot\demo)
INFO  21-04-09 09:53:39[restartedMain] [DemoApplication:666] - The following profiles are active: local
INFO  21-04-09 09:53:40[restartedMain] [DevToolsPropertyDefaultsPostProcessor:255] - Devtools property defaults active! Set 'spring.devtools.add-properties' to 'false' to disable
INFO  21-04-09 09:53:40[restartedMain] [DevToolsPropertyDefaultsPostProcessor:255] - For additional web related logging consider setting the 'logging.level.web' property to 'DEBUG'
INFO  21-04-09 09:53:41[restartedMain] [TomcatWebServer:108] - Tomcat initialized with port(s): 9090 (http)
INFO  21-04-09 09:53:41[restartedMain] [Http11NioProtocol:173] - Initializing ProtocolHandler ["http-nio-9090"]
INFO  21-04-09 09:53:41[restartedMain] [StandardService:173] - Starting service [Tomcat]
INFO  21-04-09 09:53:41[restartedMain] [StandardEngine:173] - Starting Servlet engine: [Apache Tomcat/9.0.44]
INFO  21-04-09 09:53:42[restartedMain] [TldScanner:173] - At least one JAR was scanned for TLDs yet contained no TLDs. Enable debug logging for this logger for a complete list of JARs that were scanned but no TLDs were found in them. Skipping unneeded JARs during scanning can improve startup time and JSP compilation time.
INFO  21-04-09 09:53:42[restartedMain] [[/demo]:173] - Initializing Spring embedded WebApplicationContext
INFO  21-04-09 09:53:42[restartedMain] [ServletWebServerApplicationContext:289] - Root WebApplicationContext: initialization completed in 2229 ms
INFO  21-04-09 09:53:42[restartedMain] [ThreadPoolTaskExecutor:181] - Initializing ExecutorService 'applicationTaskExecutor'
INFO  21-04-09 09:53:42[restartedMain] [OptionalLiveReloadServer:58] - LiveReload server is running on port 35729
INFO  21-04-09 09:53:42[restartedMain] [Http11NioProtocol:173] - Starting ProtocolHandler ["http-nio-9090"]
INFO  21-04-09 09:53:43[restartedMain] [TomcatWebServer:220] - Tomcat started on port(s): 9090 (http) with context path '/demo'
INFO  21-04-09 09:53:43[restartedMain] [DemoApplication:61] - Started DemoApplication in 3.686 seconds (JVM running for 4.51)
INFO  21-04-09 09:54:26[http-nio-9090-exec-1] [[/demo]:173] - Initializing Spring DispatcherServlet 'dispatcherServlet'
INFO  21-04-09 09:54:26[http-nio-9090-exec-1] [DispatcherServlet:525] - Initializing Servlet 'dispatcherServlet'
INFO  21-04-09 09:54:26[http-nio-9090-exec-1] [DispatcherServlet:547] - Completed initialization in 1 ms
INFO  21-04-09 09:54:26[http-nio-9090-exec-1] [SampleController:21] - this is mpm skill test method
INFO  21-04-09 09:54:26[http-nio-9090-exec-1] [SampleController:22] - ---------------------test by ryu's pc ----------------
WARN  21-04-09 09:54:28[http-nio-9090-exec-1] [SessionIdGeneratorBase:173] - Creation of SecureRandom instance for session ID generation using [SHA1PRNG] took [764] milliseconds.
INFO  21-04-09 09:54:38[http-nio-9090-exec-8] [SampleController:21] - this is mpm skill test method
INFO  21-04-09 09:54:38[http-nio-9090-exec-8] [SampleController:22] - ---------------------test by ryu's pc ----------------
INFO  21-04-09 09:54:43[http-nio-9090-exec-6] [SampleController:21] - this is mpm skill test method
INFO  21-04-09 09:54:43[http-nio-9090-exec-6] [SampleController:22] - ---------------------test by ryu's pc ----------------
INFO  21-04-09 09:54:50[http-nio-9090-exec-7] [SampleController:21] - this is mpm skill test method
INFO  21-04-09 09:54:50[http-nio-9090-exec-7] [SampleController:22] - ---------------------test by ryu's pc ----------------
INFO  21-04-09 09:54:50[http-nio-9090-exec-8] [SampleController:21] - this is mpm skill test method
INFO  21-04-09 09:54:50[http-nio-9090-exec-8] [SampleController:22] - ---------------------test by ryu's pc ----------------
INFO  21-04-09 09:54:50[http-nio-9090-exec-1] [SampleController:21] - this is mpm skill test method
INFO  21-04-09 09:54:50[http-nio-9090-exec-1] [SampleController:22] - ---------------------test by ryu's pc ----------------
INFO  21-04-09 09:55:02[http-nio-9090-exec-9] [SampleController:21] - this is mpm skill test method
INFO  21-04-09 09:55:02[http-nio-9090-exec-9] [SampleController:22] - ---------------------test by ryu's pc ----------------
INFO  21-04-09 09:55:05[http-nio-9090-exec-6] [SampleController:21] - this is mpm skill test method
INFO  21-04-09 09:55:05[http-nio-9090-exec-6] [SampleController:22] - ---------------------test by ryu's pc ----------------
INFO  21-04-09 09:56:08[http-nio-9090-exec-5] [SampleController:21] - this is mpm skill test method
INFO  21-04-09 09:56:08[http-nio-9090-exec-5] [SampleController:22] - ---------------------test by ryu's pc ----------------
INFO  21-04-09 09:56:13[http-nio-9090-exec-9] [SampleController:21] - this is mpm skill test method
INFO  21-04-09 09:56:13[http-nio-9090-exec-9] [SampleController:22] - ---------------------test by ryu's pc ----------------
INFO  21-04-09 09:56:19[http-nio-9090-exec-6] [SampleController:21] - this is mpm skill test method
INFO  21-04-09 09:56:19[http-nio-9090-exec-6] [SampleController:22] - ---------------------test by ryu's pc ----------------
INFO  21-04-09 09:56:26[http-nio-9090-exec-2] [SampleController:21] - this is mpm skill test method
INFO  21-04-09 09:56:26[http-nio-9090-exec-2] [SampleController:22] - ---------------------test by ryu's pc ----------------
INFO  21-04-09 09:56:49[http-nio-9090-exec-6] [SampleController:21] - this is mpm skill test method
INFO  21-04-09 09:56:49[http-nio-9090-exec-6] [SampleController:22] - ---------------------test by ryu's pc ----------------
INFO  21-04-09 09:56:57[http-nio-9090-exec-3] [SampleController:21] - this is mpm skill test method
INFO  21-04-09 09:56:57[http-nio-9090-exec-3] [SampleController:22] - ---------------------test by ryu's pc ----------------
INFO  21-04-09 09:57:14[http-nio-9090-exec-5] [SampleController:21] - this is mpm skill test method
INFO  21-04-09 09:57:14[http-nio-9090-exec-5] [SampleController:22] - ---------------------test by ryu's pc ----------------
INFO  21-04-09 09:57:18[http-nio-9090-exec-1] [SampleController:21] - this is mpm skill test method
INFO  21-04-09 09:57:18[http-nio-9090-exec-1] [SampleController:22] - ---------------------test by ryu's pc ----------------
INFO  21-04-09 09:57:19[http-nio-9090-exec-10] [SampleController:21] - this is mpm skill test method
INFO  21-04-09 09:57:19[http-nio-9090-exec-10] [SampleController:22] - ---------------------test by ryu's pc ----------------
INFO  21-04-09 09:57:37[http-nio-9090-exec-8] [SampleController:21] - this is mpm skill test method
INFO  21-04-09 09:57:37[http-nio-9090-exec-8] [SampleController:22] - ---------------------test by ryu's pc ----------------
INFO  21-04-09 09:58:40[http-nio-9090-exec-9] [SampleController:21] - this is mpm skill test method
INFO  21-04-09 09:58:40[http-nio-9090-exec-9] [SampleController:22] - ---------------------test by ryu's pc ----------------
INFO  21-04-09 09:58:41[http-nio-9090-exec-7] [SampleController:21] - this is mpm skill test method
INFO  21-04-09 09:58:41[http-nio-9090-exec-7] [SampleController:22] - ---------------------test by ryu's pc ----------------
INFO  21-04-09 09:58:42[http-nio-9090-exec-6] [SampleController:21] - this is mpm skill test method
INFO  21-04-09 09:58:42[http-nio-9090-exec-6] [SampleController:22] - ---------------------test by ryu's pc ----------------
INFO  21-04-09 09:58:43[http-nio-9090-exec-4] [SampleController:21] - this is mpm skill test method
INFO  21-04-09 09:58:43[http-nio-9090-exec-4] [SampleController:22] - ---------------------test by ryu's pc ----------------
INFO  21-04-09 09:58:44[http-nio-9090-exec-2] [SampleController:21] - this is mpm skill test method
INFO  21-04-09 09:58:44[http-nio-9090-exec-2] [SampleController:22] - ---------------------test by ryu's pc ----------------
INFO  21-04-09 10:00:29[restartedMain] [DemoApplication:55] - Starting DemoApplication using Java 11.0.4 on DESKTOP-PAC9L00 with PID 66184 (C:\workspace_emot\demo\target\classes started by siegfridk2 in C:\workspace_emot\demo)
INFO  21-04-09 10:00:29[restartedMain] [DemoApplication:666] - The following profiles are active: local
INFO  21-04-09 10:00:29[restartedMain] [DevToolsPropertyDefaultsPostProcessor:255] - Devtools property defaults active! Set 'spring.devtools.add-properties' to 'false' to disable
INFO  21-04-09 10:00:29[restartedMain] [DevToolsPropertyDefaultsPostProcessor:255] - For additional web related logging consider setting the 'logging.level.web' property to 'DEBUG'
INFO  21-04-09 10:00:31[restartedMain] [TomcatWebServer:108] - Tomcat initialized with port(s): 9090 (http)
INFO  21-04-09 10:00:31[restartedMain] [Http11NioProtocol:173] - Initializing ProtocolHandler ["http-nio-9090"]
INFO  21-04-09 10:00:31[restartedMain] [StandardService:173] - Starting service [Tomcat]
INFO  21-04-09 10:00:31[restartedMain] [StandardEngine:173] - Starting Servlet engine: [Apache Tomcat/9.0.44]
INFO  21-04-09 10:00:31[restartedMain] [TldScanner:173] - At least one JAR was scanned for TLDs yet contained no TLDs. Enable debug logging for this logger for a complete list of JARs that were scanned but no TLDs were found in them. Skipping unneeded JARs during scanning can improve startup time and JSP compilation time.
INFO  21-04-09 10:00:31[restartedMain] [[/demo]:173] - Initializing Spring embedded WebApplicationContext
INFO  21-04-09 10:00:31[restartedMain] [ServletWebServerApplicationContext:289] - Root WebApplicationContext: initialization completed in 2167 ms
INFO  21-04-09 10:00:31[restartedMain] [ThreadPoolTaskExecutor:181] - Initializing ExecutorService 'applicationTaskExecutor'
INFO  21-04-09 10:00:31[restartedMain] [OptionalLiveReloadServer:58] - LiveReload server is running on port 35729
INFO  21-04-09 10:00:31[restartedMain] [Http11NioProtocol:173] - Starting ProtocolHandler ["http-nio-9090"]
INFO  21-04-09 10:00:32[restartedMain] [TomcatWebServer:220] - Tomcat started on port(s): 9090 (http) with context path '/demo'
INFO  21-04-09 10:00:32[restartedMain] [DemoApplication:61] - Started DemoApplication in 3.514 seconds (JVM running for 4.202)
INFO  21-04-09 10:00:39[http-nio-9090-exec-2] [[/demo]:173] - Initializing Spring DispatcherServlet 'dispatcherServlet'
INFO  21-04-09 10:00:39[http-nio-9090-exec-2] [DispatcherServlet:525] - Initializing Servlet 'dispatcherServlet'
INFO  21-04-09 10:00:39[http-nio-9090-exec-2] [DispatcherServlet:547] - Completed initialization in 1 ms
INFO  21-04-09 10:00:46[http-nio-9090-exec-6] [SampleController:21] - this is mpm skill test method
INFO  21-04-09 10:00:46[http-nio-9090-exec-6] [SampleController:22] - ---------------------test by ryu's pc ----------------
WARN  21-04-09 10:00:48[http-nio-9090-exec-6] [SessionIdGeneratorBase:173] - Creation of SecureRandom instance for session ID generation using [SHA1PRNG] took [735] milliseconds.
INFO  21-04-09 10:01:44[http-nio-9090-exec-5] [SampleController:21] - this is mpm skill test method
INFO  21-04-09 10:01:44[http-nio-9090-exec-5] [SampleController:22] - ---------------------test by ryu's pc ----------------
INFO  21-04-09 10:01:45[http-nio-9090-exec-7] [SampleController:21] - this is mpm skill test method
INFO  21-04-09 10:01:45[http-nio-9090-exec-7] [SampleController:22] - ---------------------test by ryu's pc ----------------
INFO  21-04-09 10:01:46[http-nio-9090-exec-9] [SampleController:21] - this is mpm skill test method
INFO  21-04-09 10:01:46[http-nio-9090-exec-9] [SampleController:22] - ---------------------test by ryu's pc ----------------
INFO  21-04-09 10:03:08[http-nio-9090-exec-9] [SampleController:21] - this is mpm skill test method
INFO  21-04-09 10:03:08[http-nio-9090-exec-9] [SampleController:22] - ---------------------test by ryu's pc ----------------
INFO  21-04-09 10:04:16[restartedMain] [DemoApplication:55] - Starting DemoApplication using Java 11.0.4 on DESKTOP-PAC9L00 with PID 61916 (C:\workspace_emot\demo\target\classes started by siegfridk2 in C:\workspace_emot\demo)
INFO  21-04-09 10:04:16[restartedMain] [DemoApplication:666] - The following profiles are active: local
INFO  21-04-09 10:04:16[restartedMain] [DevToolsPropertyDefaultsPostProcessor:255] - Devtools property defaults active! Set 'spring.devtools.add-properties' to 'false' to disable
INFO  21-04-09 10:04:16[restartedMain] [DevToolsPropertyDefaultsPostProcessor:255] - For additional web related logging consider setting the 'logging.level.web' property to 'DEBUG'
INFO  21-04-09 10:04:18[restartedMain] [TomcatWebServer:108] - Tomcat initialized with port(s): 9090 (http)
INFO  21-04-09 10:04:18[restartedMain] [Http11NioProtocol:173] - Initializing ProtocolHandler ["http-nio-9090"]
INFO  21-04-09 10:04:18[restartedMain] [StandardService:173] - Starting service [Tomcat]
INFO  21-04-09 10:04:18[restartedMain] [StandardEngine:173] - Starting Servlet engine: [Apache Tomcat/9.0.44]
INFO  21-04-09 10:04:19[restartedMain] [TldScanner:173] - At least one JAR was scanned for TLDs yet contained no TLDs. Enable debug logging for this logger for a complete list of JARs that were scanned but no TLDs were found in them. Skipping unneeded JARs during scanning can improve startup time and JSP compilation time.
INFO  21-04-09 10:04:19[restartedMain] [[/demo]:173] - Initializing Spring embedded WebApplicationContext
INFO  21-04-09 10:04:19[restartedMain] [ServletWebServerApplicationContext:289] - Root WebApplicationContext: initialization completed in 2358 ms
INFO  21-04-09 10:04:19[restartedMain] [ThreadPoolTaskExecutor:181] - Initializing ExecutorService 'applicationTaskExecutor'
INFO  21-04-09 10:04:19[restartedMain] [OptionalLiveReloadServer:58] - LiveReload server is running on port 35729
INFO  21-04-09 10:04:19[restartedMain] [Http11NioProtocol:173] - Starting ProtocolHandler ["http-nio-9090"]
INFO  21-04-09 10:04:19[restartedMain] [TomcatWebServer:220] - Tomcat started on port(s): 9090 (http) with context path '/demo'
INFO  21-04-09 10:04:19[restartedMain] [DemoApplication:61] - Started DemoApplication in 3.776 seconds (JVM running for 4.504)
INFO  21-04-09 10:04:21[http-nio-9090-exec-1] [[/demo]:173] - Initializing Spring DispatcherServlet 'dispatcherServlet'
INFO  21-04-09 10:04:21[http-nio-9090-exec-1] [DispatcherServlet:525] - Initializing Servlet 'dispatcherServlet'
INFO  21-04-09 10:04:21[http-nio-9090-exec-1] [DispatcherServlet:547] - Completed initialization in 2 ms
INFO  21-04-09 10:04:21[http-nio-9090-exec-1] [SampleController:21] - this is mpm skill test method
INFO  21-04-09 10:04:21[http-nio-9090-exec-1] [SampleController:22] - ---------------------test by ryu's pc ----------------
WARN  21-04-09 10:04:22[http-nio-9090-exec-1] [SessionIdGeneratorBase:173] - Creation of SecureRandom instance for session ID generation using [SHA1PRNG] took [709] milliseconds.
INFO  21-04-09 10:04:41[http-nio-9090-exec-8] [SampleController:21] - this is mpm skill test method
INFO  21-04-09 10:04:41[http-nio-9090-exec-8] [SampleController:22] - ---------------------test by ryu's pc ----------------
INFO  21-04-09 10:04:47[http-nio-9090-exec-4] [SampleController:21] - this is mpm skill test method
INFO  21-04-09 10:04:47[http-nio-9090-exec-4] [SampleController:22] - ---------------------test by ryu's pc ----------------
INFO  21-04-09 10:04:49[http-nio-9090-exec-3] [SampleController:21] - this is mpm skill test method
INFO  21-04-09 10:04:49[http-nio-9090-exec-3] [SampleController:22] - ---------------------test by ryu's pc ----------------
INFO  21-04-09 10:04:51[http-nio-9090-exec-4] [SampleController:21] - this is mpm skill test method
INFO  21-04-09 10:04:51[http-nio-9090-exec-4] [SampleController:22] - ---------------------test by ryu's pc ----------------
INFO  21-04-09 10:04:54[http-nio-9090-exec-3] [SampleController:21] - this is mpm skill test method
INFO  21-04-09 10:04:54[http-nio-9090-exec-3] [SampleController:22] - ---------------------test by ryu's pc ----------------
INFO  21-04-09 10:11:43[http-nio-9090-exec-5] [SampleController:21] - this is mpm skill test method
INFO  21-04-09 10:11:43[http-nio-9090-exec-5] [SampleController:22] - ---------------------test by ryu's pc ----------------
INFO  21-04-09 10:12:32[http-nio-9090-exec-6] [SampleController:21] - this is mpm skill test method
INFO  21-04-09 10:12:32[http-nio-9090-exec-6] [SampleController:22] - ---------------------test by ryu's pc ----------------
INFO  21-04-09 10:12:48[http-nio-9090-exec-2] [SampleController:21] - this is mpm skill test method
INFO  21-04-09 10:12:48[http-nio-9090-exec-2] [SampleController:22] - ---------------------test by ryu's pc ----------------
INFO  21-04-09 10:14:08[http-nio-9090-exec-10] [SampleController:21] - this is mpm skill test method
INFO  21-04-09 10:14:08[http-nio-9090-exec-10] [SampleController:22] - ---------------------test by ryu's pc ----------------
INFO  21-04-09 10:15:19[restartedMain] [DemoApplication:55] - Starting DemoApplication using Java 11.0.4 on DESKTOP-PAC9L00 with PID 60668 (C:\workspace_emot\demo\target\classes started by siegfridk2 in C:\workspace_emot\demo)
INFO  21-04-09 10:15:19[restartedMain] [DemoApplication:666] - The following profiles are active: local
INFO  21-04-09 10:15:19[restartedMain] [DevToolsPropertyDefaultsPostProcessor:255] - Devtools property defaults active! Set 'spring.devtools.add-properties' to 'false' to disable
INFO  21-04-09 10:15:19[restartedMain] [DevToolsPropertyDefaultsPostProcessor:255] - For additional web related logging consider setting the 'logging.level.web' property to 'DEBUG'
INFO  21-04-09 10:15:21[restartedMain] [TomcatWebServer:108] - Tomcat initialized with port(s): 9090 (http)
INFO  21-04-09 10:15:21[restartedMain] [Http11NioProtocol:173] - Initializing ProtocolHandler ["http-nio-9090"]
INFO  21-04-09 10:15:21[restartedMain] [StandardService:173] - Starting service [Tomcat]
INFO  21-04-09 10:15:21[restartedMain] [StandardEngine:173] - Starting Servlet engine: [Apache Tomcat/9.0.44]
INFO  21-04-09 10:15:21[restartedMain] [TldScanner:173] - At least one JAR was scanned for TLDs yet contained no TLDs. Enable debug logging for this logger for a complete list of JARs that were scanned but no TLDs were found in them. Skipping unneeded JARs during scanning can improve startup time and JSP compilation time.
INFO  21-04-09 10:15:21[restartedMain] [[/demo]:173] - Initializing Spring embedded WebApplicationContext
INFO  21-04-09 10:15:21[restartedMain] [ServletWebServerApplicationContext:289] - Root WebApplicationContext: initialization completed in 2164 ms
INFO  21-04-09 10:15:22[restartedMain] [ThreadPoolTaskExecutor:181] - Initializing ExecutorService 'applicationTaskExecutor'
INFO  21-04-09 10:15:22[restartedMain] [OptionalLiveReloadServer:58] - LiveReload server is running on port 35729
INFO  21-04-09 10:15:22[restartedMain] [Http11NioProtocol:173] - Starting ProtocolHandler ["http-nio-9090"]
INFO  21-04-09 10:15:22[restartedMain] [TomcatWebServer:220] - Tomcat started on port(s): 9090 (http) with context path '/demo'
INFO  21-04-09 10:15:22[restartedMain] [DemoApplication:61] - Started DemoApplication in 3.439 seconds (JVM running for 4.245)
INFO  21-04-09 10:15:24[http-nio-9090-exec-2] [[/demo]:173] - Initializing Spring DispatcherServlet 'dispatcherServlet'
INFO  21-04-09 10:15:24[http-nio-9090-exec-2] [DispatcherServlet:525] - Initializing Servlet 'dispatcherServlet'
INFO  21-04-09 10:15:24[http-nio-9090-exec-2] [DispatcherServlet:547] - Completed initialization in 0 ms
INFO  21-04-09 10:15:24[http-nio-9090-exec-2] [SampleController:21] - this is mpm skill test method
INFO  21-04-09 10:15:24[http-nio-9090-exec-2] [SampleController:22] - ---------------------test by ryu's pc ----------------
WARN  21-04-09 10:15:26[http-nio-9090-exec-2] [SessionIdGeneratorBase:173] - Creation of SecureRandom instance for session ID generation using [SHA1PRNG] took [726] milliseconds.
INFO  21-04-09 10:15:33[http-nio-9090-exec-9] [SampleController:21] - this is mpm skill test method
INFO  21-04-09 10:15:33[http-nio-9090-exec-9] [SampleController:22] - ---------------------test by ryu's pc ----------------
INFO  21-04-09 10:17:51[http-nio-9090-exec-1] [SampleController:21] - this is mpm skill test method
INFO  21-04-09 10:17:51[http-nio-9090-exec-1] [SampleController:22] - ---------------------test by ryu's pc ----------------
INFO  21-04-09 10:17:57[http-nio-9090-exec-7] [SampleController:21] - this is mpm skill test method
INFO  21-04-09 10:17:57[http-nio-9090-exec-7] [SampleController:22] - ---------------------test by ryu's pc ----------------
INFO  21-04-09 10:19:24[http-nio-9090-exec-8] [SampleController:21] - this is mpm skill test method
INFO  21-04-09 10:19:24[http-nio-9090-exec-8] [SampleController:22] - ---------------------test by ryu's pc ----------------
INFO  21-04-09 10:19:28[http-nio-9090-exec-9] [SampleController:21] - this is mpm skill test method
INFO  21-04-09 10:19:28[http-nio-9090-exec-9] [SampleController:22] - ---------------------test by ryu's pc ----------------
INFO  21-04-09 10:19:31[http-nio-9090-exec-7] [SampleController:21] - this is mpm skill test method
INFO  21-04-09 10:19:31[http-nio-9090-exec-7] [SampleController:22] - ---------------------test by ryu's pc ----------------
INFO  21-04-09 10:19:32[http-nio-9090-exec-3] [SampleController:21] - this is mpm skill test method
INFO  21-04-09 10:19:32[http-nio-9090-exec-3] [SampleController:22] - ---------------------test by ryu's pc ----------------
INFO  21-04-09 10:19:40[http-nio-9090-exec-10] [SampleController:21] - this is mpm skill test method
INFO  21-04-09 10:19:40[http-nio-9090-exec-10] [SampleController:22] - ---------------------test by ryu's pc ----------------
INFO  21-04-09 10:20:24[restartedMain] [DemoApplication:55] - Starting DemoApplication using Java 11.0.4 on DESKTOP-PAC9L00 with PID 30764 (C:\workspace_emot\demo\target\classes started by siegfridk2 in C:\workspace_emot\demo)
INFO  21-04-09 10:20:24[restartedMain] [DemoApplication:666] - The following profiles are active: local
INFO  21-04-09 10:20:24[restartedMain] [DevToolsPropertyDefaultsPostProcessor:255] - Devtools property defaults active! Set 'spring.devtools.add-properties' to 'false' to disable
INFO  21-04-09 10:20:24[restartedMain] [DevToolsPropertyDefaultsPostProcessor:255] - For additional web related logging consider setting the 'logging.level.web' property to 'DEBUG'
INFO  21-04-09 10:20:26[restartedMain] [TomcatWebServer:108] - Tomcat initialized with port(s): 9090 (http)
INFO  21-04-09 10:20:26[restartedMain] [Http11NioProtocol:173] - Initializing ProtocolHandler ["http-nio-9090"]
INFO  21-04-09 10:20:26[restartedMain] [StandardService:173] - Starting service [Tomcat]
INFO  21-04-09 10:20:26[restartedMain] [StandardEngine:173] - Starting Servlet engine: [Apache Tomcat/9.0.44]
INFO  21-04-09 10:20:26[restartedMain] [TldScanner:173] - At least one JAR was scanned for TLDs yet contained no TLDs. Enable debug logging for this logger for a complete list of JARs that were scanned but no TLDs were found in them. Skipping unneeded JARs during scanning can improve startup time and JSP compilation time.
INFO  21-04-09 10:20:26[restartedMain] [[/demo]:173] - Initializing Spring embedded WebApplicationContext
INFO  21-04-09 10:20:26[restartedMain] [ServletWebServerApplicationContext:289] - Root WebApplicationContext: initialization completed in 2176 ms
INFO  21-04-09 10:20:26[restartedMain] [ThreadPoolTaskExecutor:181] - Initializing ExecutorService 'applicationTaskExecutor'
INFO  21-04-09 10:20:27[restartedMain] [OptionalLiveReloadServer:58] - LiveReload server is running on port 35729
INFO  21-04-09 10:20:27[restartedMain] [Http11NioProtocol:173] - Starting ProtocolHandler ["http-nio-9090"]
INFO  21-04-09 10:20:27[restartedMain] [TomcatWebServer:220] - Tomcat started on port(s): 9090 (http) with context path '/demo'
INFO  21-04-09 10:20:27[restartedMain] [DemoApplication:61] - Started DemoApplication in 3.419 seconds (JVM running for 4.168)
INFO  21-04-09 10:20:28[http-nio-9090-exec-1] [[/demo]:173] - Initializing Spring DispatcherServlet 'dispatcherServlet'
INFO  21-04-09 10:20:28[http-nio-9090-exec-1] [DispatcherServlet:525] - Initializing Servlet 'dispatcherServlet'
INFO  21-04-09 10:20:28[http-nio-9090-exec-1] [DispatcherServlet:547] - Completed initialization in 1 ms
INFO  21-04-09 10:20:28[http-nio-9090-exec-1] [SampleController:21] - this is mpm skill test method
INFO  21-04-09 10:20:28[http-nio-9090-exec-1] [SampleController:22] - ---------------------test by ryu's pc ----------------
WARN  21-04-09 10:20:30[http-nio-9090-exec-1] [SessionIdGeneratorBase:173] - Creation of SecureRandom instance for session ID generation using [SHA1PRNG] took [705] milliseconds.
INFO  21-04-09 10:20:34[http-nio-9090-exec-5] [SampleController:21] - this is mpm skill test method
INFO  21-04-09 10:20:34[http-nio-9090-exec-5] [SampleController:22] - ---------------------test by ryu's pc ----------------
INFO  21-04-09 10:20:37[http-nio-9090-exec-9] [SampleController:21] - this is mpm skill test method
INFO  21-04-09 10:20:37[http-nio-9090-exec-9] [SampleController:22] - ---------------------test by ryu's pc ----------------
INFO  21-04-09 10:21:12[http-nio-9090-exec-3] [SampleController:21] - this is mpm skill test method
INFO  21-04-09 10:21:12[http-nio-9090-exec-3] [SampleController:22] - ---------------------test by ryu's pc ----------------
INFO  21-04-09 10:21:28[http-nio-9090-exec-7] [SampleController:21] - this is mpm skill test method
INFO  21-04-09 10:21:28[http-nio-9090-exec-7] [SampleController:22] - ---------------------test by ryu's pc ----------------
INFO  21-04-09 10:22:06[http-nio-9090-exec-5] [SampleController:21] - this is mpm skill test method
INFO  21-04-09 10:22:06[http-nio-9090-exec-5] [SampleController:22] - ---------------------test by ryu's pc ----------------
INFO  21-04-09 10:22:20[http-nio-9090-exec-9] [SampleController:21] - this is mpm skill test method
INFO  21-04-09 10:22:20[http-nio-9090-exec-9] [SampleController:22] - ---------------------test by ryu's pc ----------------
INFO  21-04-09 10:35:21[http-nio-9090-exec-1] [SampleController:21] - this is mpm skill test method
INFO  21-04-09 10:35:21[http-nio-9090-exec-1] [SampleController:22] - ---------------------test by ryu's pc ----------------
INFO  21-04-09 10:35:27[http-nio-9090-exec-6] [SampleController:21] - this is mpm skill test method
INFO  21-04-09 10:35:27[http-nio-9090-exec-6] [SampleController:22] - ---------------------test by ryu's pc ----------------
INFO  21-04-09 10:35:30[http-nio-9090-exec-3] [SampleController:21] - this is mpm skill test method
INFO  21-04-09 10:35:30[http-nio-9090-exec-3] [SampleController:22] - ---------------------test by ryu's pc ----------------
INFO  21-04-09 10:35:40[http-nio-9090-exec-8] [SampleController:21] - this is mpm skill test method
INFO  21-04-09 10:35:40[http-nio-9090-exec-8] [SampleController:22] - ---------------------test by ryu's pc ----------------
INFO  21-04-09 10:35:42[http-nio-9090-exec-5] [SampleController:21] - this is mpm skill test method
INFO  21-04-09 10:35:42[http-nio-9090-exec-5] [SampleController:22] - ---------------------test by ryu's pc ----------------
INFO  21-04-09 10:35:58[http-nio-9090-exec-3] [SampleController:21] - this is mpm skill test method
INFO  21-04-09 10:35:58[http-nio-9090-exec-3] [SampleController:22] - ---------------------test by ryu's pc ----------------
INFO  21-04-09 10:36:05[http-nio-9090-exec-8] [SampleController:21] - this is mpm skill test method
INFO  21-04-09 10:36:05[http-nio-9090-exec-8] [SampleController:22] - ---------------------test by ryu's pc ----------------
INFO  21-04-09 10:40:02[http-nio-9090-exec-7] [SampleController:21] - this is mpm skill test method
INFO  21-04-09 10:40:02[http-nio-9090-exec-7] [SampleController:22] - ---------------------test by ryu's pc ----------------
INFO  21-04-09 10:40:03[http-nio-9090-exec-1] [SampleController:21] - this is mpm skill test method
INFO  21-04-09 10:40:03[http-nio-9090-exec-1] [SampleController:22] - ---------------------test by ryu's pc ----------------
INFO  21-04-09 10:40:23[http-nio-9090-exec-6] [SampleController:21] - this is mpm skill test method
INFO  21-04-09 10:40:23[http-nio-9090-exec-6] [SampleController:22] - ---------------------test by ryu's pc ----------------
INFO  21-04-09 10:40:26[http-nio-9090-exec-4] [SampleController:21] - this is mpm skill test method
INFO  21-04-09 10:40:26[http-nio-9090-exec-4] [SampleController:22] - ---------------------test by ryu's pc ----------------
INFO  21-04-09 10:40:56[http-nio-9090-exec-2] [SampleController:21] - this is mpm skill test method
INFO  21-04-09 10:40:56[http-nio-9090-exec-2] [SampleController:22] - ---------------------test by ryu's pc ----------------
INFO  21-04-09 10:41:47[http-nio-9090-exec-5] [SampleController:21] - this is mpm skill test method
INFO  21-04-09 10:41:47[http-nio-9090-exec-5] [SampleController:22] - ---------------------test by ryu's pc ----------------
INFO  21-04-09 10:41:51[http-nio-9090-exec-10] [SampleController:21] - this is mpm skill test method
INFO  21-04-09 10:41:51[http-nio-9090-exec-10] [SampleController:22] - ---------------------test by ryu's pc ----------------
INFO  21-04-09 10:41:53[http-nio-9090-exec-4] [SampleController:21] - this is mpm skill test method
INFO  21-04-09 10:41:53[http-nio-9090-exec-4] [SampleController:22] - ---------------------test by ryu's pc ----------------
INFO  21-04-09 10:45:57[restartedMain] [DemoApplication:55] - Starting DemoApplication using Java 11.0.4 on DESKTOP-PAC9L00 with PID 45656 (C:\workspace_emot\demo\target\classes started by siegfridk2 in C:\workspace_emot\demo)
INFO  21-04-09 10:45:57[restartedMain] [DemoApplication:666] - The following profiles are active: local
INFO  21-04-09 10:45:58[restartedMain] [DevToolsPropertyDefaultsPostProcessor:255] - Devtools property defaults active! Set 'spring.devtools.add-properties' to 'false' to disable
INFO  21-04-09 10:45:58[restartedMain] [DevToolsPropertyDefaultsPostProcessor:255] - For additional web related logging consider setting the 'logging.level.web' property to 'DEBUG'
INFO  21-04-09 10:45:59[restartedMain] [TomcatWebServer:108] - Tomcat initialized with port(s): 9090 (http)
INFO  21-04-09 10:45:59[restartedMain] [Http11NioProtocol:173] - Initializing ProtocolHandler ["http-nio-9090"]
INFO  21-04-09 10:45:59[restartedMain] [StandardService:173] - Starting service [Tomcat]
INFO  21-04-09 10:45:59[restartedMain] [StandardEngine:173] - Starting Servlet engine: [Apache Tomcat/9.0.44]
INFO  21-04-09 10:46:00[restartedMain] [TldScanner:173] - At least one JAR was scanned for TLDs yet contained no TLDs. Enable debug logging for this logger for a complete list of JARs that were scanned but no TLDs were found in them. Skipping unneeded JARs during scanning can improve startup time and JSP compilation time.
INFO  21-04-09 10:46:00[restartedMain] [[/demo]:173] - Initializing Spring embedded WebApplicationContext
INFO  21-04-09 10:46:00[restartedMain] [ServletWebServerApplicationContext:289] - Root WebApplicationContext: initialization completed in 2224 ms
INFO  21-04-09 10:46:00[restartedMain] [ThreadPoolTaskExecutor:181] - Initializing ExecutorService 'applicationTaskExecutor'
INFO  21-04-09 10:46:00[restartedMain] [OptionalLiveReloadServer:58] - LiveReload server is running on port 35729
INFO  21-04-09 10:46:00[restartedMain] [Http11NioProtocol:173] - Starting ProtocolHandler ["http-nio-9090"]
INFO  21-04-09 10:46:00[restartedMain] [TomcatWebServer:220] - Tomcat started on port(s): 9090 (http) with context path '/demo'
INFO  21-04-09 10:46:00[restartedMain] [DemoApplication:61] - Started DemoApplication in 3.494 seconds (JVM running for 4.222)
INFO  21-04-09 10:46:08[http-nio-9090-exec-1] [[/demo]:173] - Initializing Spring DispatcherServlet 'dispatcherServlet'
INFO  21-04-09 10:46:08[http-nio-9090-exec-1] [DispatcherServlet:525] - Initializing Servlet 'dispatcherServlet'
INFO  21-04-09 10:46:08[http-nio-9090-exec-1] [DispatcherServlet:547] - Completed initialization in 2 ms
INFO  21-04-09 10:46:08[http-nio-9090-exec-1] [SampleController:21] - this is mpm skill test method
INFO  21-04-09 10:46:08[http-nio-9090-exec-1] [SampleController:22] - ---------------------test by ryu's pc ----------------
WARN  21-04-09 10:46:09[http-nio-9090-exec-1] [SessionIdGeneratorBase:173] - Creation of SecureRandom instance for session ID generation using [SHA1PRNG] took [702] milliseconds.
INFO  21-04-09 10:46:19[http-nio-9090-exec-4] [SampleController:21] - this is mpm skill test method
INFO  21-04-09 10:46:19[http-nio-9090-exec-4] [SampleController:22] - ---------------------test by ryu's pc ----------------
INFO  21-04-09 10:47:54[http-nio-9090-exec-7] [SampleController:21] - this is mpm skill test method
INFO  21-04-09 10:47:54[http-nio-9090-exec-7] [SampleController:22] - ---------------------test by ryu's pc ----------------
INFO  21-04-09 10:48:37[http-nio-9090-exec-10] [SampleController:21] - this is mpm skill test method
INFO  21-04-09 10:48:37[http-nio-9090-exec-10] [SampleController:22] - ---------------------test by ryu's pc ----------------
INFO  21-04-09 10:48:39[http-nio-9090-exec-3] [SampleController:21] - this is mpm skill test method
INFO  21-04-09 10:48:39[http-nio-9090-exec-3] [SampleController:22] - ---------------------test by ryu's pc ----------------
INFO  21-04-09 10:48:49[http-nio-9090-exec-6] [SampleController:21] - this is mpm skill test method
INFO  21-04-09 10:48:49[http-nio-9090-exec-6] [SampleController:22] - ---------------------test by ryu's pc ----------------
INFO  21-04-09 10:48:51[http-nio-9090-exec-9] [SampleController:21] - this is mpm skill test method
INFO  21-04-09 10:48:51[http-nio-9090-exec-9] [SampleController:22] - ---------------------test by ryu's pc ----------------
INFO  21-04-09 10:49:04[http-nio-9090-exec-2] [SampleController:21] - this is mpm skill test method
INFO  21-04-09 10:49:04[http-nio-9090-exec-2] [SampleController:22] - ---------------------test by ryu's pc ----------------
INFO  21-04-09 10:49:54[http-nio-9090-exec-5] [SampleController:21] - this is mpm skill test method
INFO  21-04-09 10:49:54[http-nio-9090-exec-5] [SampleController:22] - ---------------------test by ryu's pc ----------------
INFO  21-04-09 10:49:58[http-nio-9090-exec-9] [SampleController:21] - this is mpm skill test method
INFO  21-04-09 10:49:58[http-nio-9090-exec-9] [SampleController:22] - ---------------------test by ryu's pc ----------------
INFO  21-04-09 10:50:37[http-nio-9090-exec-2] [SampleController:21] - this is mpm skill test method
INFO  21-04-09 10:50:37[http-nio-9090-exec-2] [SampleController:22] - ---------------------test by ryu's pc ----------------
INFO  21-04-09 10:50:46[http-nio-9090-exec-5] [SampleController:21] - this is mpm skill test method
INFO  21-04-09 10:50:46[http-nio-9090-exec-5] [SampleController:22] - ---------------------test by ryu's pc ----------------
INFO  21-04-09 10:51:14[http-nio-9090-exec-8] [SampleController:21] - this is mpm skill test method
INFO  21-04-09 10:51:14[http-nio-9090-exec-8] [SampleController:22] - ---------------------test by ryu's pc ----------------
INFO  21-04-09 10:51:23[http-nio-9090-exec-1] [SampleController:21] - this is mpm skill test method
INFO  21-04-09 10:51:23[http-nio-9090-exec-1] [SampleController:22] - ---------------------test by ryu's pc ----------------
INFO  21-04-09 10:52:15[http-nio-9090-exec-4] [SampleController:21] - this is mpm skill test method
INFO  21-04-09 10:52:15[http-nio-9090-exec-4] [SampleController:22] - ---------------------test by ryu's pc ----------------
INFO  21-04-09 10:52:26[http-nio-9090-exec-7] [SampleController:21] - this is mpm skill test method
INFO  21-04-09 10:52:26[http-nio-9090-exec-7] [SampleController:22] - ---------------------test by ryu's pc ----------------
INFO  21-04-09 10:52:50[http-nio-9090-exec-10] [SampleController:21] - this is mpm skill test method
INFO  21-04-09 10:52:50[http-nio-9090-exec-10] [SampleController:22] - ---------------------test by ryu's pc ----------------
INFO  21-04-09 10:52:52[http-nio-9090-exec-3] [SampleController:21] - this is mpm skill test method
INFO  21-04-09 10:52:52[http-nio-9090-exec-3] [SampleController:22] - ---------------------test by ryu's pc ----------------
INFO  21-04-09 10:52:54[http-nio-9090-exec-6] [SampleController:21] - this is mpm skill test method
INFO  21-04-09 10:52:54[http-nio-9090-exec-6] [SampleController:22] - ---------------------test by ryu's pc ----------------
INFO  21-04-09 10:53:11[http-nio-9090-exec-9] [SampleController:21] - this is mpm skill test method
INFO  21-04-09 10:53:11[http-nio-9090-exec-9] [SampleController:22] - ---------------------test by ryu's pc ----------------
INFO  21-04-09 10:54:11[http-nio-9090-exec-2] [SampleController:21] - this is mpm skill test method
INFO  21-04-09 10:54:11[http-nio-9090-exec-2] [SampleController:22] - ---------------------test by ryu's pc ----------------
INFO  21-04-09 10:54:26[http-nio-9090-exec-7] [SampleController:21] - this is mpm skill test method
INFO  21-04-09 10:54:26[http-nio-9090-exec-7] [SampleController:22] - ---------------------test by ryu's pc ----------------
INFO  21-04-09 10:54:46[http-nio-9090-exec-10] [SampleController:21] - this is mpm skill test method
INFO  21-04-09 10:54:46[http-nio-9090-exec-10] [SampleController:22] - ---------------------test by ryu's pc ----------------
INFO  21-04-09 10:56:01[http-nio-9090-exec-6] [SampleController:21] - this is mpm skill test method
INFO  21-04-09 10:56:01[http-nio-9090-exec-6] [SampleController:22] - ---------------------test by ryu's pc ----------------
INFO  21-04-09 10:56:04[http-nio-9090-exec-8] [SampleController:21] - this is mpm skill test method
INFO  21-04-09 10:56:04[http-nio-9090-exec-8] [SampleController:22] - ---------------------test by ryu's pc ----------------
INFO  21-04-09 10:56:23[http-nio-9090-exec-1] [SampleController:21] - this is mpm skill test method
INFO  21-04-09 10:56:23[http-nio-9090-exec-1] [SampleController:22] - ---------------------test by ryu's pc ----------------
INFO  21-04-09 10:56:25[http-nio-9090-exec-3] [SampleController:21] - this is mpm skill test method
INFO  21-04-09 10:56:25[http-nio-9090-exec-3] [SampleController:22] - ---------------------test by ryu's pc ----------------
INFO  21-04-09 10:56:27[http-nio-9090-exec-7] [SampleController:21] - this is mpm skill test method
INFO  21-04-09 10:56:27[http-nio-9090-exec-7] [SampleController:22] - ---------------------test by ryu's pc ----------------
INFO  21-04-09 10:56:29[http-nio-9090-exec-10] [SampleController:21] - this is mpm skill test method
INFO  21-04-09 10:56:29[http-nio-9090-exec-10] [SampleController:22] - ---------------------test by ryu's pc ----------------
INFO  21-04-09 10:57:12[http-nio-9090-exec-3] [SampleController:21] - this is mpm skill test method
INFO  21-04-09 10:57:12[http-nio-9090-exec-3] [SampleController:22] - ---------------------test by ryu's pc ----------------
INFO  21-04-09 10:57:14[http-nio-9090-exec-7] [SampleController:21] - this is mpm skill test method
INFO  21-04-09 10:57:14[http-nio-9090-exec-7] [SampleController:22] - ---------------------test by ryu's pc ----------------
INFO  21-04-09 10:57:17[http-nio-9090-exec-10] [SampleController:21] - this is mpm skill test method
INFO  21-04-09 10:57:17[http-nio-9090-exec-10] [SampleController:22] - ---------------------test by ryu's pc ----------------
INFO  21-04-09 10:57:26[http-nio-9090-exec-6] [SampleController:21] - this is mpm skill test method
INFO  21-04-09 10:57:26[http-nio-9090-exec-6] [SampleController:22] - ---------------------test by ryu's pc ----------------
INFO  21-04-09 10:57:31[http-nio-9090-exec-8] [SampleController:21] - this is mpm skill test method
INFO  21-04-09 10:57:31[http-nio-9090-exec-8] [SampleController:22] - ---------------------test by ryu's pc ----------------
INFO  21-04-09 10:57:49[http-nio-9090-exec-2] [Http11Processor:175] - Error parsing HTTP request header
 Note: further occurrences of HTTP request parsing errors will be logged at DEBUG level.
java.lang.IllegalArgumentException: Invalid character found in method name [0x160x030x010x00u0x010x000x00q0x030x03"&0xb080x1c0x170x9b0x0a!0x8e0xa9LS$0xea=0x800x06[0xb4U0x86S0x86T9/cZ=?0xdf0x000x000x1a0xc0/0xc0+0xc00x110xc00x070xc00x130xc00x090xc00x140xc00x0a0x000x050x00/0x0050xc00x120x000x0a0x010x000x00.0x000x050x000x050x010x000x000x000x000x000x0a0x000x080x000x060x000x170x000x180x000x190x000x0b0x000x020x010x000x000x0d0x000x0a0x000x080x040x010x040x030x020x010x020x030xff0x010x000x01...]. HTTP method names must be tokens
	at org.apache.coyote.http11.Http11InputBuffer.parseRequestLine(Http11InputBuffer.java:417)
	at org.apache.coyote.http11.Http11Processor.service(Http11Processor.java:261)
	at org.apache.coyote.AbstractProcessorLight.process(AbstractProcessorLight.java:65)
	at org.apache.coyote.AbstractProtocol$ConnectionHandler.process(AbstractProtocol.java:893)
	at org.apache.tomcat.util.net.NioEndpoint$SocketProcessor.doRun(NioEndpoint.java:1707)
	at org.apache.tomcat.util.net.SocketProcessorBase.run(SocketProcessorBase.java:49)
	at java.base/java.util.concurrent.ThreadPoolExecutor.runWorker(ThreadPoolExecutor.java:1128)
	at java.base/java.util.concurrent.ThreadPoolExecutor$Worker.run(ThreadPoolExecutor.java:628)
	at org.apache.tomcat.util.threads.TaskThread$WrappingRunnable.run(TaskThread.java:61)
	at java.base/java.lang.Thread.run(Thread.java:834)
INFO  21-04-09 10:58:04[http-nio-9090-exec-6] [SampleController:21] - this is mpm skill test method
INFO  21-04-09 10:58:04[http-nio-9090-exec-6] [SampleController:22] - ---------------------test by ryu's pc ----------------
INFO  21-04-09 10:58:23[http-nio-9090-exec-8] [SampleController:21] - this is mpm skill test method
INFO  21-04-09 10:58:23[http-nio-9090-exec-8] [SampleController:22] - ---------------------test by ryu's pc ----------------
INFO  21-04-09 10:58:26[http-nio-9090-exec-2] [SampleController:21] - this is mpm skill test method
INFO  21-04-09 10:58:26[http-nio-9090-exec-2] [SampleController:22] - ---------------------test by ryu's pc ----------------
INFO  21-04-09 10:59:08[http-nio-9090-exec-3] [SampleController:21] - this is mpm skill test method
INFO  21-04-09 10:59:08[http-nio-9090-exec-3] [SampleController:22] - ---------------------test by ryu's pc ----------------
INFO  21-04-09 10:59:11[http-nio-9090-exec-7] [SampleController:21] - this is mpm skill test method
INFO  21-04-09 10:59:11[http-nio-9090-exec-7] [SampleController:22] - ---------------------test by ryu's pc ----------------
INFO  21-04-09 10:59:12[http-nio-9090-exec-10] [SampleController:21] - this is mpm skill test method
INFO  21-04-09 10:59:12[http-nio-9090-exec-10] [SampleController:22] - ---------------------test by ryu's pc ----------------
INFO  21-04-09 11:00:37[http-nio-9090-exec-7] [SampleController:21] - this is mpm skill test method
INFO  21-04-09 11:00:37[http-nio-9090-exec-7] [SampleController:22] - ---------------------test by ryu's pc ----------------
INFO  21-04-09 11:00:39[http-nio-9090-exec-10] [SampleController:21] - this is mpm skill test method
INFO  21-04-09 11:00:39[http-nio-9090-exec-10] [SampleController:22] - ---------------------test by ryu's pc ----------------
WARN  21-04-09 11:01:11[main] [DuplicateJsonObjectContextCustomizerFactory$DuplicateJsonObjectContextCustomizer:78] - 

Found multiple occurrences of org.json.JSONObject on the class path:

	jar:file:/C:/Users/siegfridk2/.m2/repository/com/vaadin/external/google/android-json/0.0.20131108.vaadin1/android-json-0.0.20131108.vaadin1.jar!/org/json/JSONObject.class
	jar:file:/C:/Users/siegfridk2/.m2/repository/org/json/json/20200518/json-20200518.jar!/org/json/JSONObject.class

You may wish to exclude one of them to ensure predictable runtime behavior

INFO  21-04-09 11:01:11[main] [DemoApplicationTests:55] - Starting DemoApplicationTests using Java 11.0.4 on DESKTOP-PAC9L00 with PID 52108 (started by siegfridk2 in C:\workspace_emot\demo)
INFO  21-04-09 11:01:11[main] [DemoApplicationTests:666] - The following profiles are active: local
INFO  21-04-09 11:01:12[main] [ThreadPoolTaskExecutor:181] - Initializing ExecutorService 'applicationTaskExecutor'
INFO  21-04-09 11:01:13[main] [DemoApplicationTests:61] - Started DemoApplicationTests in 2.491 seconds (JVM running for 4.498)
INFO  21-04-09 11:01:13[SpringContextShutdownHook] [ThreadPoolTaskExecutor:218] - Shutting down ExecutorService 'applicationTaskExecutor'
WARN  21-04-09 11:05:06[main] [DuplicateJsonObjectContextCustomizerFactory$DuplicateJsonObjectContextCustomizer:78] - 

Found multiple occurrences of org.json.JSONObject on the class path:

	jar:file:/C:/Users/siegfridk2/.m2/repository/com/vaadin/external/google/android-json/0.0.20131108.vaadin1/android-json-0.0.20131108.vaadin1.jar!/org/json/JSONObject.class
	jar:file:/C:/Users/siegfridk2/.m2/repository/org/json/json/20200518/json-20200518.jar!/org/json/JSONObject.class

You may wish to exclude one of them to ensure predictable runtime behavior

INFO  21-04-09 11:05:06[main] [DemoApplicationTests:55] - Starting DemoApplicationTests using Java 11.0.4 on DESKTOP-PAC9L00 with PID 25788 (started by siegfridk2 in C:\workspace_emot\demo)
INFO  21-04-09 11:05:06[main] [DemoApplicationTests:666] - The following profiles are active: local
INFO  21-04-09 11:05:07[main] [ThreadPoolTaskExecutor:181] - Initializing ExecutorService 'applicationTaskExecutor'
INFO  21-04-09 11:05:08[main] [DemoApplicationTests:61] - Started DemoApplicationTests in 2.78 seconds (JVM running for 4.016)
INFO  21-04-09 11:05:08[SpringContextShutdownHook] [ThreadPoolTaskExecutor:218] - Shutting down ExecutorService 'applicationTaskExecutor'
WARN  21-04-09 11:06:35[main] [DuplicateJsonObjectContextCustomizerFactory$DuplicateJsonObjectContextCustomizer:78] - 

Found multiple occurrences of org.json.JSONObject on the class path:

	jar:file:/C:/Users/siegfridk2/.m2/repository/com/vaadin/external/google/android-json/0.0.20131108.vaadin1/android-json-0.0.20131108.vaadin1.jar!/org/json/JSONObject.class
	jar:file:/C:/Users/siegfridk2/.m2/repository/org/json/json/20200518/json-20200518.jar!/org/json/JSONObject.class

You may wish to exclude one of them to ensure predictable runtime behavior

INFO  21-04-09 11:06:35[main] [DemoApplicationTests:55] - Starting DemoApplicationTests using Java 11.0.4 on DESKTOP-PAC9L00 with PID 32368 (started by siegfridk2 in C:\workspace_emot\demo)
INFO  21-04-09 11:06:35[main] [DemoApplicationTests:666] - The following profiles are active: local
INFO  21-04-09 11:06:37[main] [ThreadPoolTaskExecutor:181] - Initializing ExecutorService 'applicationTaskExecutor'
INFO  21-04-09 11:06:37[main] [DemoApplicationTests:61] - Started DemoApplicationTests in 2.486 seconds (JVM running for 3.662)
INFO  21-04-09 11:06:37[SpringContextShutdownHook] [ThreadPoolTaskExecutor:218] - Shutting down ExecutorService 'applicationTaskExecutor'
WARN  21-04-09 11:07:31[main] [DuplicateJsonObjectContextCustomizerFactory$DuplicateJsonObjectContextCustomizer:78] - 

Found multiple occurrences of org.json.JSONObject on the class path:

	jar:file:/C:/Users/siegfridk2/.m2/repository/com/vaadin/external/google/android-json/0.0.20131108.vaadin1/android-json-0.0.20131108.vaadin1.jar!/org/json/JSONObject.class
	jar:file:/C:/Users/siegfridk2/.m2/repository/org/json/json/20200518/json-20200518.jar!/org/json/JSONObject.class

You may wish to exclude one of them to ensure predictable runtime behavior

INFO  21-04-09 11:07:31[main] [DemoApplicationTests:55] - Starting DemoApplicationTests using Java 11.0.4 on DESKTOP-PAC9L00 with PID 58188 (started by siegfridk2 in C:\workspace_emot\demo)
INFO  21-04-09 11:07:31[main] [DemoApplicationTests:666] - The following profiles are active: local
INFO  21-04-09 11:07:32[main] [ThreadPoolTaskExecutor:181] - Initializing ExecutorService 'applicationTaskExecutor'
INFO  21-04-09 11:07:33[main] [DemoApplicationTests:61] - Started DemoApplicationTests in 2.382 seconds (JVM running for 3.611)
INFO  21-04-09 11:07:33[SpringContextShutdownHook] [ThreadPoolTaskExecutor:218] - Shutting down ExecutorService 'applicationTaskExecutor'
INFO  21-04-09 11:10:25[restartedMain] [DemoApplication:55] - Starting DemoApplication using Java 11.0.4 on DESKTOP-PAC9L00 with PID 40028 (C:\workspace_emot\demo\target\classes started by siegfridk2 in C:\workspace_emot\demo)
INFO  21-04-09 11:10:25[restartedMain] [DemoApplication:666] - The following profiles are active: local
INFO  21-04-09 11:10:25[restartedMain] [DevToolsPropertyDefaultsPostProcessor:255] - Devtools property defaults active! Set 'spring.devtools.add-properties' to 'false' to disable
INFO  21-04-09 11:10:25[restartedMain] [DevToolsPropertyDefaultsPostProcessor:255] - For additional web related logging consider setting the 'logging.level.web' property to 'DEBUG'
INFO  21-04-09 11:10:27[restartedMain] [TomcatWebServer:108] - Tomcat initialized with port(s): 9090 (http)
INFO  21-04-09 11:10:27[restartedMain] [Http11NioProtocol:173] - Initializing ProtocolHandler ["http-nio-9090"]
INFO  21-04-09 11:10:27[restartedMain] [StandardService:173] - Starting service [Tomcat]
INFO  21-04-09 11:10:27[restartedMain] [StandardEngine:173] - Starting Servlet engine: [Apache Tomcat/9.0.44]
INFO  21-04-09 11:10:27[restartedMain] [TldScanner:173] - At least one JAR was scanned for TLDs yet contained no TLDs. Enable debug logging for this logger for a complete list of JARs that were scanned but no TLDs were found in them. Skipping unneeded JARs during scanning can improve startup time and JSP compilation time.
INFO  21-04-09 11:10:27[restartedMain] [[/demo]:173] - Initializing Spring embedded WebApplicationContext
INFO  21-04-09 11:10:27[restartedMain] [ServletWebServerApplicationContext:289] - Root WebApplicationContext: initialization completed in 2208 ms
INFO  21-04-09 11:10:27[restartedMain] [ThreadPoolTaskExecutor:181] - Initializing ExecutorService 'applicationTaskExecutor'
INFO  21-04-09 11:10:27[restartedMain] [OptionalLiveReloadServer:58] - LiveReload server is running on port 35729
INFO  21-04-09 11:10:27[restartedMain] [Http11NioProtocol:173] - Starting ProtocolHandler ["http-nio-9090"]
INFO  21-04-09 11:10:27[restartedMain] [TomcatWebServer:220] - Tomcat started on port(s): 9090 (http) with context path '/demo'
INFO  21-04-09 11:10:27[restartedMain] [DemoApplication:61] - Started DemoApplication in 3.399 seconds (JVM running for 4.018)
INFO  21-04-09 11:10:37[http-nio-9090-exec-1] [[/demo]:173] - Initializing Spring DispatcherServlet 'dispatcherServlet'
INFO  21-04-09 11:10:37[http-nio-9090-exec-1] [DispatcherServlet:525] - Initializing Servlet 'dispatcherServlet'
INFO  21-04-09 11:10:37[http-nio-9090-exec-1] [DispatcherServlet:547] - Completed initialization in 1 ms
INFO  21-04-09 11:10:37[http-nio-9090-exec-1] [SampleController:21] - this is mpm skill test method
INFO  21-04-09 11:10:37[http-nio-9090-exec-1] [SampleController:22] - ---------------------test by ryu's pc ----------------
WARN  21-04-09 11:10:38[http-nio-9090-exec-1] [SessionIdGeneratorBase:173] - Creation of SecureRandom instance for session ID generation using [SHA1PRNG] took [734] milliseconds.
INFO  21-04-09 11:11:30[http-nio-9090-exec-4] [SampleController:21] - this is mpm skill test method
INFO  21-04-09 11:11:30[http-nio-9090-exec-4] [SampleController:22] - ---------------------test by ryu's pc ----------------
INFO  21-04-09 11:11:32[http-nio-9090-exec-7] [SampleController:21] - this is mpm skill test method
INFO  21-04-09 11:11:32[http-nio-9090-exec-7] [SampleController:22] - ---------------------test by ryu's pc ----------------
INFO  21-04-09 11:11:35[http-nio-9090-exec-10] [SampleController:21] - this is mpm skill test method
INFO  21-04-09 11:11:35[http-nio-9090-exec-10] [SampleController:22] - ---------------------test by ryu's pc ----------------
INFO  21-04-09 11:11:42[http-nio-9090-exec-3] [SampleController:21] - this is mpm skill test method
INFO  21-04-09 11:11:42[http-nio-9090-exec-3] [SampleController:22] - ---------------------test by ryu's pc ----------------
INFO  21-04-09 11:13:07[http-nio-9090-exec-6] [SampleController:21] - this is mpm skill test method
INFO  21-04-09 11:13:07[http-nio-9090-exec-6] [SampleController:22] - ---------------------test by ryu's pc ----------------
INFO  21-04-09 11:26:32[restartedMain] [DemoApplication:55] - Starting DemoApplication using Java 11.0.4 on DESKTOP-PAC9L00 with PID 32436 (C:\workspace_emot\demo\target\classes started by siegfridk2 in C:\workspace_emot\demo)
INFO  21-04-09 11:26:32[restartedMain] [DemoApplication:666] - The following profiles are active: local
INFO  21-04-09 11:26:32[restartedMain] [DevToolsPropertyDefaultsPostProcessor:255] - Devtools property defaults active! Set 'spring.devtools.add-properties' to 'false' to disable
INFO  21-04-09 11:26:32[restartedMain] [DevToolsPropertyDefaultsPostProcessor:255] - For additional web related logging consider setting the 'logging.level.web' property to 'DEBUG'
INFO  21-04-09 11:26:34[restartedMain] [TomcatWebServer:108] - Tomcat initialized with port(s): 9090 (http)
INFO  21-04-09 11:26:34[restartedMain] [Http11NioProtocol:173] - Initializing ProtocolHandler ["http-nio-9090"]
INFO  21-04-09 11:26:34[restartedMain] [StandardService:173] - Starting service [Tomcat]
INFO  21-04-09 11:26:34[restartedMain] [StandardEngine:173] - Starting Servlet engine: [Apache Tomcat/9.0.44]
INFO  21-04-09 11:26:35[restartedMain] [TldScanner:173] - At least one JAR was scanned for TLDs yet contained no TLDs. Enable debug logging for this logger for a complete list of JARs that were scanned but no TLDs were found in them. Skipping unneeded JARs during scanning can improve startup time and JSP compilation time.
INFO  21-04-09 11:26:35[restartedMain] [[/demo]:173] - Initializing Spring embedded WebApplicationContext
INFO  21-04-09 11:26:35[restartedMain] [ServletWebServerApplicationContext:289] - Root WebApplicationContext: initialization completed in 2223 ms
INFO  21-04-09 11:26:35[restartedMain] [ThreadPoolTaskExecutor:181] - Initializing ExecutorService 'applicationTaskExecutor'
INFO  21-04-09 11:26:35[restartedMain] [OptionalLiveReloadServer:58] - LiveReload server is running on port 35729
INFO  21-04-09 11:26:35[restartedMain] [Http11NioProtocol:173] - Starting ProtocolHandler ["http-nio-9090"]
INFO  21-04-09 11:26:35[restartedMain] [TomcatWebServer:220] - Tomcat started on port(s): 9090 (http) with context path '/demo'
INFO  21-04-09 11:26:35[restartedMain] [DemoApplication:61] - Started DemoApplication in 3.551 seconds (JVM running for 4.185)
INFO  21-04-09 11:26:36[http-nio-9090-exec-1] [[/demo]:173] - Initializing Spring DispatcherServlet 'dispatcherServlet'
INFO  21-04-09 11:26:36[http-nio-9090-exec-1] [DispatcherServlet:525] - Initializing Servlet 'dispatcherServlet'
INFO  21-04-09 11:26:36[http-nio-9090-exec-1] [DispatcherServlet:547] - Completed initialization in 1 ms
INFO  21-04-09 11:26:36[http-nio-9090-exec-1] [SampleController:21] - this is mpm skill test method
INFO  21-04-09 11:26:36[http-nio-9090-exec-1] [SampleController:22] - ---------------------test by ryu's pc ----------------
WARN  21-04-09 11:26:37[http-nio-9090-exec-1] [SessionIdGeneratorBase:173] - Creation of SecureRandom instance for session ID generation using [SHA1PRNG] took [682] milliseconds.
INFO  21-04-09 11:26:42[http-nio-9090-exec-4] [SampleController:21] - this is mpm skill test method
INFO  21-04-09 11:26:42[http-nio-9090-exec-4] [SampleController:22] - ---------------------test by ryu's pc ----------------
INFO  21-04-09 11:27:05[http-nio-9090-exec-7] [SampleController:21] - this is mpm skill test method
INFO  21-04-09 11:27:05[http-nio-9090-exec-7] [SampleController:22] - ---------------------test by ryu's pc ----------------
WARN  21-04-09 11:28:04[main] [DuplicateJsonObjectContextCustomizerFactory$DuplicateJsonObjectContextCustomizer:78] - 

Found multiple occurrences of org.json.JSONObject on the class path:

	jar:file:/C:/Users/siegfridk2/.m2/repository/com/vaadin/external/google/android-json/0.0.20131108.vaadin1/android-json-0.0.20131108.vaadin1.jar!/org/json/JSONObject.class
	jar:file:/C:/Users/siegfridk2/.m2/repository/org/json/json/20200518/json-20200518.jar!/org/json/JSONObject.class

You may wish to exclude one of them to ensure predictable runtime behavior

INFO  21-04-09 11:28:04[main] [DemoApplicationTests:55] - Starting DemoApplicationTests using Java 11.0.4 on DESKTOP-PAC9L00 with PID 23208 (started by siegfridk2 in C:\workspace_emot\demo)
INFO  21-04-09 11:28:04[main] [DemoApplicationTests:666] - The following profiles are active: local
INFO  21-04-09 11:28:06[main] [ThreadPoolTaskExecutor:181] - Initializing ExecutorService 'applicationTaskExecutor'
INFO  21-04-09 11:28:06[main] [DemoApplicationTests:61] - Started DemoApplicationTests in 2.531 seconds (JVM running for 3.697)
INFO  21-04-09 11:28:07[SpringContextShutdownHook] [ThreadPoolTaskExecutor:218] - Shutting down ExecutorService 'applicationTaskExecutor'
INFO  21-04-09 11:29:52[restartedMain] [DemoApplication:55] - Starting DemoApplication using Java 11.0.4 on DESKTOP-PAC9L00 with PID 22680 (C:\workspace_emot\demo\target\classes started by siegfridk2 in C:\workspace_emot\demo)
INFO  21-04-09 11:29:52[restartedMain] [DemoApplication:666] - The following profiles are active: local
INFO  21-04-09 11:29:52[restartedMain] [DevToolsPropertyDefaultsPostProcessor:255] - Devtools property defaults active! Set 'spring.devtools.add-properties' to 'false' to disable
INFO  21-04-09 11:29:52[restartedMain] [DevToolsPropertyDefaultsPostProcessor:255] - For additional web related logging consider setting the 'logging.level.web' property to 'DEBUG'
INFO  21-04-09 11:29:54[restartedMain] [TomcatWebServer:108] - Tomcat initialized with port(s): 9090 (http)
INFO  21-04-09 11:29:54[restartedMain] [Http11NioProtocol:173] - Initializing ProtocolHandler ["http-nio-9090"]
INFO  21-04-09 11:29:54[restartedMain] [StandardService:173] - Starting service [Tomcat]
INFO  21-04-09 11:29:54[restartedMain] [StandardEngine:173] - Starting Servlet engine: [Apache Tomcat/9.0.44]
INFO  21-04-09 11:29:55[restartedMain] [TldScanner:173] - At least one JAR was scanned for TLDs yet contained no TLDs. Enable debug logging for this logger for a complete list of JARs that were scanned but no TLDs were found in them. Skipping unneeded JARs during scanning can improve startup time and JSP compilation time.
INFO  21-04-09 11:29:55[restartedMain] [[/demo]:173] - Initializing Spring embedded WebApplicationContext
INFO  21-04-09 11:29:55[restartedMain] [ServletWebServerApplicationContext:289] - Root WebApplicationContext: initialization completed in 2219 ms
INFO  21-04-09 11:29:55[restartedMain] [ThreadPoolTaskExecutor:181] - Initializing ExecutorService 'applicationTaskExecutor'
WARN  21-04-09 11:29:55[restartedMain] [OptionalLiveReloadServer:61] - Unable to start LiveReload server
INFO  21-04-09 11:29:55[restartedMain] [Http11NioProtocol:173] - Starting ProtocolHandler ["http-nio-9090"]
WARN  21-04-09 11:29:55[restartedMain] [AnnotationConfigServletWebServerApplicationContext:591] - Exception encountered during context initialization - cancelling refresh attempt: org.springframework.context.ApplicationContextException: Failed to start bean 'webServerStartStop'; nested exception is org.springframework.boot.web.server.PortInUseException: Port 9090 is already in use
INFO  21-04-09 11:29:55[restartedMain] [ThreadPoolTaskExecutor:218] - Shutting down ExecutorService 'applicationTaskExecutor'
INFO  21-04-09 11:29:55[restartedMain] [Http11NioProtocol:173] - Pausing ProtocolHandler ["http-nio-9090"]
INFO  21-04-09 11:29:55[restartedMain] [StandardService:173] - Stopping service [Tomcat]
INFO  21-04-09 11:29:55[restartedMain] [Http11NioProtocol:173] - Stopping ProtocolHandler ["http-nio-9090"]
INFO  21-04-09 11:29:55[restartedMain] [Http11NioProtocol:173] - Destroying ProtocolHandler ["http-nio-9090"]
INFO  21-04-09 11:29:55[restartedMain] [ConditionEvaluationReportLoggingListener:136] - 

Error starting ApplicationContext. To display the conditions report re-run your application with 'debug' enabled.
ERROR 21-04-09 11:29:55[restartedMain] [LoggingFailureAnalysisReporter:40] - 

***************************
APPLICATION FAILED TO START
***************************

Description:

Web server failed to start. Port 9090 was already in use.

Action:

Identify and stop the process that's listening on port 9090 or configure this application to listen on another port.

WARN  21-04-09 11:30:32[main] [DuplicateJsonObjectContextCustomizerFactory$DuplicateJsonObjectContextCustomizer:78] - 

Found multiple occurrences of org.json.JSONObject on the class path:

	jar:file:/C:/Users/siegfridk2/.m2/repository/com/vaadin/external/google/android-json/0.0.20131108.vaadin1/android-json-0.0.20131108.vaadin1.jar!/org/json/JSONObject.class
	jar:file:/C:/Users/siegfridk2/.m2/repository/org/json/json/20200518/json-20200518.jar!/org/json/JSONObject.class

You may wish to exclude one of them to ensure predictable runtime behavior

INFO  21-04-09 11:30:32[main] [DemoApplicationTests:55] - Starting DemoApplicationTests using Java 11.0.4 on DESKTOP-PAC9L00 with PID 53220 (started by siegfridk2 in C:\workspace_emot\demo)
INFO  21-04-09 11:30:32[main] [DemoApplicationTests:666] - The following profiles are active: local
INFO  21-04-09 11:30:33[main] [ThreadPoolTaskExecutor:181] - Initializing ExecutorService 'applicationTaskExecutor'
INFO  21-04-09 11:30:34[main] [DemoApplicationTests:61] - Started DemoApplicationTests in 2.558 seconds (JVM running for 3.713)
INFO  21-04-09 11:30:34[SpringContextShutdownHook] [ThreadPoolTaskExecutor:218] - Shutting down ExecutorService 'applicationTaskExecutor'
WARN  21-04-09 17:17:44[main] [DuplicateJsonObjectContextCustomizerFactory$DuplicateJsonObjectContextCustomizer:78] - 

Found multiple occurrences of org.json.JSONObject on the class path:

	jar:file:/C:/Users/siegfridk2/.m2/repository/com/vaadin/external/google/android-json/0.0.20131108.vaadin1/android-json-0.0.20131108.vaadin1.jar!/org/json/JSONObject.class
	jar:file:/C:/Users/siegfridk2/.m2/repository/org/json/json/20200518/json-20200518.jar!/org/json/JSONObject.class

You may wish to exclude one of them to ensure predictable runtime behavior

INFO  21-04-09 17:17:44[main] [DemoApplicationTests:55] - Starting DemoApplicationTests using Java 11.0.4 on DESKTOP-PAC9L00 with PID 56916 (started by siegfridk2 in C:\workspace_emot\demo)
INFO  21-04-09 17:17:44[main] [DemoApplicationTests:666] - The following profiles are active: local
INFO  21-04-09 17:17:46[main] [ThreadPoolTaskExecutor:181] - Initializing ExecutorService 'applicationTaskExecutor'
INFO  21-04-09 17:17:47[main] [DemoApplicationTests:61] - Started DemoApplicationTests in 4.356 seconds (JVM running for 9.119)
INFO  21-04-09 17:17:47[SpringContextShutdownHook] [ThreadPoolTaskExecutor:218] - Shutting down ExecutorService 'applicationTaskExecutor'
WARN  21-04-09 17:20:26[main] [DuplicateJsonObjectContextCustomizerFactory$DuplicateJsonObjectContextCustomizer:78] - 

Found multiple occurrences of org.json.JSONObject on the class path:

	jar:file:/C:/Users/siegfridk2/.m2/repository/com/vaadin/external/google/android-json/0.0.20131108.vaadin1/android-json-0.0.20131108.vaadin1.jar!/org/json/JSONObject.class
	jar:file:/C:/Users/siegfridk2/.m2/repository/org/json/json/20200518/json-20200518.jar!/org/json/JSONObject.class

You may wish to exclude one of them to ensure predictable runtime behavior

INFO  21-04-09 17:20:26[main] [DemoApplicationTests:55] - Starting DemoApplicationTests using Java 11.0.4 on DESKTOP-PAC9L00 with PID 62320 (started by siegfridk2 in C:\workspace_emot\demo)
INFO  21-04-09 17:20:26[main] [DemoApplicationTests:666] - The following profiles are active: local
INFO  21-04-09 17:20:28[main] [ThreadPoolTaskExecutor:181] - Initializing ExecutorService 'applicationTaskExecutor'
INFO  21-04-09 17:20:28[main] [DemoApplicationTests:61] - Started DemoApplicationTests in 2.544 seconds (JVM running for 3.691)
INFO  21-04-09 17:20:28[SpringContextShutdownHook] [ThreadPoolTaskExecutor:218] - Shutting down ExecutorService 'applicationTaskExecutor'
WARN  21-04-09 17:24:14[main] [DuplicateJsonObjectContextCustomizerFactory$DuplicateJsonObjectContextCustomizer:78] - 

Found multiple occurrences of org.json.JSONObject on the class path:

	jar:file:/C:/Users/siegfridk2/.m2/repository/com/vaadin/external/google/android-json/0.0.20131108.vaadin1/android-json-0.0.20131108.vaadin1.jar!/org/json/JSONObject.class
	jar:file:/C:/Users/siegfridk2/.m2/repository/org/json/json/20200518/json-20200518.jar!/org/json/JSONObject.class

You may wish to exclude one of them to ensure predictable runtime behavior

INFO  21-04-09 17:24:14[main] [DemoApplicationTests:55] - Starting DemoApplicationTests using Java 11.0.4 on DESKTOP-PAC9L00 with PID 13196 (started by siegfridk2 in C:\workspace_emot\demo)
INFO  21-04-09 17:24:14[main] [DemoApplicationTests:666] - The following profiles are active: local
INFO  21-04-09 17:24:15[main] [ThreadPoolTaskExecutor:181] - Initializing ExecutorService 'applicationTaskExecutor'
INFO  21-04-09 17:24:16[main] [DemoApplicationTests:61] - Started DemoApplicationTests in 2.569 seconds (JVM running for 3.883)
INFO  21-04-09 17:24:16[SpringContextShutdownHook] [ThreadPoolTaskExecutor:218] - Shutting down ExecutorService 'applicationTaskExecutor'
WARN  21-04-09 17:33:15[main] [DuplicateJsonObjectContextCustomizerFactory$DuplicateJsonObjectContextCustomizer:78] - 

Found multiple occurrences of org.json.JSONObject on the class path:

	jar:file:/C:/Users/siegfridk2/.m2/repository/com/vaadin/external/google/android-json/0.0.20131108.vaadin1/android-json-0.0.20131108.vaadin1.jar!/org/json/JSONObject.class
	jar:file:/C:/Users/siegfridk2/.m2/repository/org/json/json/20200518/json-20200518.jar!/org/json/JSONObject.class

You may wish to exclude one of them to ensure predictable runtime behavior

INFO  21-04-09 17:33:15[main] [DemoApplicationTests:55] - Starting DemoApplicationTests using Java 11.0.4 on DESKTOP-PAC9L00 with PID 47504 (started by siegfridk2 in C:\workspace_emot\demo)
INFO  21-04-09 17:33:15[main] [DemoApplicationTests:666] - The following profiles are active: local
INFO  21-04-09 17:33:16[main] [ThreadPoolTaskExecutor:181] - Initializing ExecutorService 'applicationTaskExecutor'
INFO  21-04-09 17:33:17[main] [DemoApplicationTests:61] - Started DemoApplicationTests in 2.521 seconds (JVM running for 3.813)
INFO  21-04-09 17:33:17[SpringContextShutdownHook] [ThreadPoolTaskExecutor:218] - Shutting down ExecutorService 'applicationTaskExecutor'
